c:\UnityBase\UB.exe 4.0.0.0 (2018-02-22 17:30:16)Host=DESKTOP-GAR5TAF User=dovorob CPU=4*9-6-10759:FFFBEBBFBFE3BA1D0000000000 OS=23.0=10.0.16299 Wow64=1 Freq=2240995Environment variables=ALLUSERSPROFILE=C:\ProgramData	APPDATA=C:\Users\dovorob\AppData\Roaming	CommonProgramFiles=C:\Program Files (x86)\Common Files	CommonProgramFiles(x86)=C:\Program Files (x86)\Common Files	CommonProgramW6432=C:\Program Files\Common Files	COMPUTERNAME=DESKTOP-GAR5TAF	ComSpec=C:\WINDOWS\system32\cmd.exe	FARHOME=C:\Program Files\Far Manager	FARLANG=English	FARLOCALPROFILE=C:\Users\dovorob\AppData\Local\Far Manager\Profile	FARPROFILE=C:\Users\dovorob\AppData\Roaming\Far Manager\Profile	FPS_BROWSER_APP_PROFILE_STRING=Internet Explorer	FPS_BROWSER_USER_PROFILE_STRING=Default	FSHARPINSTALLDIR=C:\Program Files (x86)\Microsoft SDKs\F#\4.1\Framework\v4.0\	HOMEDRIVE=C:	HOMEPATH=\Users\dovorob	LOCALAPPDATA=C:\Users\dovorob\AppData\Local	LOGONSERVER=\\DESKTOP-GAR5TAF	MSMPI_BIN=C:\Program Files\Microsoft MPI\Bin\	NUMBER_OF_PROCESSORS=4	OneDrive=C:\Users\dovorob\OneDrive	OS=Windows_NT	Path=C:\Program Files\Microsoft MPI\Bin\;C:\WINDOWS\system32;C:\WINDOWS;C:\WINDOWS\System32\Wbem;C:\WINDOWS\System32\WindowsPowerShell\v1.0\;C:\Program Files (x86)\NVIDIA Corporation\PhysX\Common;C:\Program Files\Microsoft Windows Performance Toolkit\;C:\Program Files\dotnet\;C:\Program Files\Microsoft SQL Server\130\Tools\Binn\;C:\Program Files\Microsoft SQL Server\Client SDK\ODBC\130\Tools\Binn\;C:\Program Files (x86)\Microsoft SQL Server\140\Tools\Binn\;C:\Program Files\Microsoft SQL Server\140\Tools\Binn\;C:\Program Files\Microsoft SQL Server\140\DTS\Binn\;C:\Program Files (x86)\Microsoft SQL Server\Client SDK\ODBC\130\Tools\Binn\;C:\Program Files (x86)\Microsoft SQL Server\140\DTS\Binn\;C:\Program Files (x86)\Microsoft SQL Server\140\Tools\Binn\ManagementStudio\;C:\Program Files\nodejs\;c:\UnityBase;C:\Users\dovorob\AppData\Local\Microsoft\WindowsApps;C:\Users\dovorob\AppData\Roaming\npm	PATHEXT=.COM;.EXE;.BAT;.CMD;.VBS;.VBE;.JSE;.WSF;.WSH;.MSC	PROCESSOR_ARCHITECTURE=x86	PROCESSOR_ARCHITEW6432=AMD64	PROCESSOR_IDENTIFIER=Intel64 Family 6 Model 42 Stepping 7, GenuineIntel	PROCESSOR_LEVEL=6	PROCESSOR_REVISION=2a07	ProgramData=C:\ProgramData	ProgramFiles=C:\Program Files (x86)	ProgramFiles(x86)=C:\Program Files (x86)	ProgramW6432=C:\Program Files	PROMPT=$P$G	PSModulePath=C:\Program Files\WindowsPowerShell\Modules;C:\WINDOWS\system32\WindowsPowerShell\v1.0\Modules;C:\Program Files (x86)\Microsoft SQL Server\140\Tools\PowerShell\Modules\	PUBLIC=C:\Users\Public	SESSIONNAME=Console	SystemDrive=C:	SystemRoot=C:\WINDOWS	TEMP=C:\Users\dovorob\AppData\Local\Temp	TMP=C:\Users\dovorob\AppData\Local\Temp	UB_HOME=c:\UnityBase	USERDOMAIN=DESKTOP-GAR5TAF	USERDOMAIN_ROAMINGPROFILE=DESKTOP-GAR5TAF	USERNAME=dovorob	USERPROFILE=C:\Users\dovorob	VBOX_MSI_INSTALL_PATH=C:\Program Files\Oracle\VirtualBox\	windir=C:\WINDOWSTubLog 1.18.3488 FTS3 2018-03-02T09:09:0420180302 09090456  ! warn  WebSocket support are disabled because WSServer.host = '' in config
20180302 09090456  !  +    ubServer.TubServer(06127510).008863DB 
20180302 09090456  !  +    	Init app
20180302 09090456  ! srvr  		FTS is disabled
20180302 09090456  ! info  		Check blob store "avatars" folder "E:\ubProject\CityPortal\avatars\": folder exists
20180302 09090456  ! info  		Check blob store "attach" folder "E:\ubProject\CityPortal\docs\attach\": folder exists
20180302 09090456  !  -    	00.000.366
20180302 09090456  !  +    	Folder E:\ubProject\CityPortal\node_modules\@unitybase\ub\ modified
20180302 09090456  !  +    		ubCommonClasses.TubThreadSafeCache(04C5CB30).removeStartsWith
20180302 09090456  !  -    		00.000.008
20180302 09090456  !  -    	00.000.014
20180302 09090456  !  +    	ubApp.TubApp(04BC3EE0).init
20180302 09090456  ! srvr  		Mime converters are disabled
20180302 09090456  !  -    	00.000.002
20180302 09090457  ! srvr  	Enable zip compresison
20180302 09090457  ! srvr  	Send initialization request to http://localhost:888/init
20180302 09090457  "  +    InitializationRequest
20180302 09090457  "  +    	init
20180302 09090457  " srvr  		Start application intialization...
20180302 09090457  " info  		Loading domain...
20180302 09090457  " info  		Loading model "UB" from "E:\ubProject\CityPortal\node_modules\@unitybase\ub\"
20180302 09090457  " srvr  		The domain loaded successfully with 0 entities
20180302 09090457  " debug 		Create new JavaScript Engine for thread 9856
20180302 09090518  "  +    		008C234A 
20180302 09090518  " warn  			All API method are allowed for Everyone, because "uba_els" entity not found in domain
20180302 09090518  " warn  			ELS: rule "ALLOW_ALL_NO_ELS_ENTITY" does not match any method. Ignored
20180302 09090518  "  -    		00.001.807
20180302 09090518  " warn  		Method changePassword not found in application but set in allowedAppMethods for user
20180302 09090518  " auth  		New session admin/686191244 created at 127.0.0.1/-360287964284059636 using Mozilla/5.0 (Windows; mORMot 1.18 TWinHTTP)
20180302 09090518  " auth  		New session anonymous/686191247 created at 127.0.0.1/-360287964284059636 using Mozilla/5.0 (Windows; mORMot 1.18 TWinHTTP)
20180302 09090518  "  -    	00.382.138
20180302 09090518  "  -    00.382.159
20180302 09090518  ! srvr  	ubServer.TubServer(06127510) {"THttpApiServer(04B8A990)":{"Cloned":false,"RegisteredUrl":"http://+:888/","HTTPQueueLength":1000,"MaxBandwidth":-1,"MaxConnections":-1,"APIVersion":"HTTP API 2.0","ServerName":"UnityBase","ProcessName":""}} initialized
20180302 09090518  !  -    00.386.676
20180302 09090518  "  +    getAppInfo
20180302 09090518  " http  	127.0.0.1 -> GET getAppInfo
20180302 09090518  " call  	endpoint getAppInfo
20180302 09090518  " http  	127.0.0.1 <- 200
20180302 09090518  "  -    00.000.706
20180302 09090519  ! info  ubApp.TubApp(04BC3EE0) {   "ClientsCurrent": 0,   "ClientsMax": 0,   "Invalid": 0,   "Responses": 1,   "Modified": 0,   "IncomingBytes": 227,   "OutcomingBytes": 392,   "OutcomingFiles": 0,   "ServiceCalls": 1,   "ProcessTime": "713us"  }
20180302 09090527  ! warn  WebSocket support are disabled because WSServer.host = '' in config
20180302 09090527  !  +    ubServer.TubServer(061275B0).008863DB 
20180302 09090527  !  +    	Init app
20180302 09090527  ! srvr  		FTS is disabled
20180302 09090527  ! info  		Check blob store "avatars" folder "E:\ubProject\CityPortal\avatars\": folder exists
20180302 09090527  ! info  		Check blob store "attach" folder "E:\ubProject\CityPortal\docs\attach\": folder exists
20180302 09090527  !  -    	00.000.223
20180302 09090527  !  +    	Folder E:\ubProject\CityPortal\node_modules\@unitybase\ub\ modified
20180302 09090527  !  +    		ubCommonClasses.TubThreadSafeCache(04C5CB30).removeStartsWith
20180302 09090527  !  -    		00.000.001
20180302 09090527  !  -    	00.000.006
20180302 09090527  !  +    	ubApp.TubApp(04BC3EE0).init
20180302 09090527  ! srvr  		Mime converters are disabled
20180302 09090527  !  -    	00.000.003
20180302 09090527  ! srvr  	Enable zip compresison
20180302 09090527  ! srvr  	Send initialization request to http://localhost:888/init
20180302 09090527  #  +    InitializationRequest
20180302 09090527  #  +    	init
20180302 09090527  # srvr  		Start application intialization...
20180302 09090527  # info  		Loading domain...
20180302 09090527  # info  		Loading model "UB" from "E:\ubProject\CityPortal\node_modules\@unitybase\ub\"
20180302 09090527  # srvr  		The domain loaded successfully with 0 entities
20180302 09090527  # debug 		Create new JavaScript Engine for thread 9008
20180302 09090539  #  +    		008C234A 
20180302 09090539  # warn  			All API method are allowed for Everyone, because "uba_els" entity not found in domain
20180302 09090539  # warn  			ELS: rule "ALLOW_ALL_NO_ELS_ENTITY" does not match any method. Ignored
20180302 09090539  #  -    		00.001.501
20180302 09090539  # warn  		Method changePassword not found in application but set in allowedAppMethods for user
20180302 09090539  # auth  		New session admin/686191768 created at 127.0.0.1/-72057592427314933 using Mozilla/5.0 (Windows; mORMot 1.18 TWinHTTP)
20180302 09090539  # auth  		New session anonymous/686191771 created at 127.0.0.1/-72057592427314933 using Mozilla/5.0 (Windows; mORMot 1.18 TWinHTTP)
20180302 09090539  #  -    	00.193.111
20180302 09090539  #  -    00.193.120
20180302 09090539  ! srvr  	ubServer.TubServer(061275B0) {"THttpApiServer(04B8A990)":{"Cloned":false,"RegisteredUrl":"http://+:888/","HTTPQueueLength":1000,"MaxBandwidth":-1,"MaxConnections":-1,"APIVersion":"HTTP API 2.0","ServerName":"UnityBase","ProcessName":""}} initialized
20180302 09090539  !  -    00.196.468
20180302 09090539  #  +    runSQL?CONNECTION=main
20180302 09090539  # http  	127.0.0.1 -> POST runSQL?CONNECTION=main
20180302 09090539  # http  	create table seq_ubmain (client_num INTEGER) /* generateID = clientNum+currentTimeUnixEpoch*100 + 1...99 */
20180302 09090539  # call  	endpoint runSQL
20180302 09090539  #  +    	ubApp.TubApp(04BC3EE0).DBExecute
20180302 09090539  #  +    		ubApp.TubApp(04BC3EE0).TubApp.InternalDBExecute
20180302 09090539  #  +    			00856EC2 
20180302 09090551  #  -    			00.192.891
20180302 09090551  # SQL   			ubDBSQLite3ThreadSafe.TubSQLite3Statement(04C75E90) PRAGMA foreign_keys = ON
20180302 09090551  # DB    			StartTransaction for connection "main"
20180302 09090551  # SQL   			ubDBSQLite3ThreadSafe.TubSQLite3Statement(04C75D70) create table seq_ubmain (client_num INTEGER) /* generateID = clientNum+currentTimeUnixEpoch*100 + 1...99 */
20180302 09090551  #  -    		00.193.626
20180302 09090551  #  -    	00.193.633
20180302 09090551  # DB    	Commit connection "main" in 765us
20180302 09090551  # http  	127.0.0.1 <- 200
20180302 09090551  #  -    00.194.838
20180302 09090551  #  +    runSQL?CONNECTION=main
20180302 09090551  # http  	127.0.0.1 -> POST runSQL?CONNECTION=main
20180302 09090551  # http  	insert into seq_ubmain (client_num) values(30000000000)
20180302 09090551  # call  	endpoint runSQL
20180302 09090551  #  +    	ubApp.TubApp(04BC3EE0).DBExecute
20180302 09090551  #  +    		ubApp.TubApp(04BC3EE0).TubApp.InternalDBExecute
20180302 09090551  # DB    			StartTransaction for connection "main"
20180302 09090551  # SQL   			ubDBSQLite3ThreadSafe.TubSQLite3Statement(04C75D70) insert into seq_ubmain (client_num) values(30000000000)
20180302 09090551  #  -    		00.000.080
20180302 09090551  #  -    	00.000.085
20180302 09090551  # DB    	Commit connection "main" in 124us
20180302 09090551  # http  	127.0.0.1 <- 200
20180302 09090551  #  -    00.000.387
20180302 09090551  #  +    runSQL?CONNECTION=main
20180302 09090551  # http  	127.0.0.1 -> POST runSQL?CONNECTION=main
20180302 09090551  # http  	create table uba_user (   ID BIGINT not null PRIMARY KEY,   name VARCHAR(128) not null,   description VARCHAR(255) null,   uPasswordHashHexa VARCHAR(64) null,   disabled SMALLINT default 0 not null,   isPending SMALLINT default 0 not null,   trustedIP VARCHAR(255) null,   uData VARCHAR(2000) null,   lastPasswordChangeDate DATETIME default (strftime('%Y-%m-%dT%H:%M:%SZ', 'now')) not null,   mi_owner bigint NOT NULL, -- Row owner      mi_createdate DATETIME NOT NULL, -- Creation date      mi_createuser bigint NOT NULL, -- User who create row      mi_modifydate DATETIME NOT NULL, -- Modification date      mi_modifyuser bigint NOT NULL, -- User who modify row      FOREIGN KEY(mi_owner) REFERENCES uba_user,      FOREIGN KEY(mi_createuser) REFERENCES uba_user,      FOREIGN KEY(mi_modifyuser) REFERENCES uba_user  );  
20180302 09090551  # call  	endpoint runSQL
20180302 09090551  #  +    	ubApp.TubApp(04BC3EE0).DBExecute
20180302 09090551  #  +    		ubApp.TubApp(04BC3EE0).TubApp.InternalDBExecute
20180302 09090551  # DB    			StartTransaction for connection "main"
20180302 09090551  # SQL   			ubDBSQLite3ThreadSafe.TubSQLite3Statement(04C75D70) create table uba_user (   ID BIGINT not null PRIMARY KEY,   name VARCHAR(128) not null,   description VARCHAR(255) null,   uPasswordHashHexa VARCHAR(64) null,   disabled SMALLINT default 0 not null,   isPending SMALLINT default 0 not null,   trustedIP VARCHAR(255) null,   uData VARCHAR(2000) null,   lastPasswordChangeDate DATETIME default (strftime('%Y-%m-%dT%H:%M:%SZ', 'now')) not null,   mi_owner bigint NOT NULL, -- Row owner      mi_createdate DATETIME NOT NULL, -- Creation date      mi_createuser bigint... (truncated) length=822
20180302 09090551  #  -    		00.000.271
20180302 09090551  #  -    	00.000.277
20180302 09090551  # DB    	Commit connection "main" in 72us
20180302 09090551  # http  	127.0.0.1 <- 200
20180302 09090551  #  -    00.000.563
20180302 09090551  #  +    runSQL?CONNECTION=main
20180302 09090551  # http  	127.0.0.1 -> POST runSQL?CONNECTION=main
20180302 09090551  # http  	create table uba_role (   ID BIGINT not null PRIMARY KEY,   name VARCHAR(128) not null, -- Role   description VARCHAR(256) not null, -- Description   sessionTimeout INTEGER default 30 not null, -- Time after which the session is deleted by timeout (in minutes)   allowedAppMethods VARCHAR(2000) null,  -- Which application level methods are allowed (comma separated list)      mi_owner bigint NOT NULL, -- Row owner      mi_createdate DATETIME NOT NULL, -- Creation date      mi_createuser bigint NOT NULL, -- User who create row      mi_modifydate DATETIME NOT NULL, -- Modification date      mi_modifyuser bigint NOT NULL, -- User who modify row      FOREIGN KEY(mi_owner) REFERENCES uba_user,      FOREIGN KEY(mi_createuser) REFERENCES uba_user,      FOREIGN KEY(mi_modifyuser) REFERENCES uba_user  );  
20180302 09090551  # call  	endpoint runSQL
20180302 09090551  #  +    	ubApp.TubApp(04BC3EE0).DBExecute
20180302 09090551  #  +    		ubApp.TubApp(04BC3EE0).TubApp.InternalDBExecute
20180302 09090551  # DB    			StartTransaction for connection "main"
20180302 09090551  # SQL   			ubDBSQLite3ThreadSafe.TubSQLite3Statement(04C75D70) create table uba_role (   ID BIGINT not null PRIMARY KEY,   name VARCHAR(128) not null, -- Role   description VARCHAR(256) not null, -- Description   sessionTimeout INTEGER default 30 not null, -- Time after which the session is deleted by timeout (in minutes)   allowedAppMethods VARCHAR(2000) null,  -- Which application level methods are allowed (comma separated list)      mi_owner bigint NOT NULL, -- Row owner      mi_createdate DATETIME NOT NULL, -- Creation date      mi_createuser bigint NOT NULL, -- Us... (truncated) length=806
20180302 09090551  #  -    		00.000.227
20180302 09090551  #  -    	00.000.233
20180302 09090551  # DB    	Commit connection "main" in 156us
20180302 09090551  # http  	127.0.0.1 <- 200
20180302 09090551  #  -    00.000.564
20180302 09090551  #  +    runSQL?CONNECTION=main
20180302 09090551  # http  	127.0.0.1 -> POST runSQL?CONNECTION=main
20180302 09090551  # http  	create table uba_els (   ID BIGINT not null PRIMARY KEY,   code VARCHAR(32) null, -- Code for ELS rule   description VARCHAR(255) not null, -- Rule description   disabled SMALLINT default 0 not null, -- Rule is disabled   entityMask VARCHAR(128) not null, -- Entity mask   methodMask VARCHAR(128) not null, -- Method mask   ruleType VARCHAR(32) default 'A' not null, -- Is this ALLOW rule(A) or DENY rule(D) or Complements(C) rule   ruleRole BIGINT not null, -- Role for which the rule applies      mi_owner bigint NOT NULL, -- Row owner      mi_createdate DATETIME NOT NULL, -- Creation date      mi_createuser bigint NOT NULL, -- User who create row      mi_modifydate DATETIME NOT NULL, -- Modification date      mi_modifyuser bigint NOT NULL, -- User who modify row      CONSTRAINT FK_ELS_MI_OWNER_REF_USR FOREIGN KEY(mi_owner) REFERENCES uba_user,      CONSTRAINT FK_ELS_MI_CREATEUSER_REF_USR FOREIGN KEY(mi_createuser) REFERENCES uba_user,      CONSTRAINT FK_ELS_MI_MODIFYUSER_REF_USR FOREIGN KEY(mi_modifyuser) REFERE... (truncated) length=1043
20180302 09090551  # call  	endpoint runSQL
20180302 09090551  #  +    	ubApp.TubApp(04BC3EE0).DBExecute
20180302 09090551  #  +    		ubApp.TubApp(04BC3EE0).TubApp.InternalDBExecute
20180302 09090551  # DB    			StartTransaction for connection "main"
20180302 09090551  # SQL   			ubDBSQLite3ThreadSafe.TubSQLite3Statement(04C75D70) create table uba_els (   ID BIGINT not null PRIMARY KEY,   code VARCHAR(32) null, -- Code for ELS rule   description VARCHAR(255) not null, -- Rule description   disabled SMALLINT default 0 not null, -- Rule is disabled   entityMask VARCHAR(128) not null, -- Entity mask   methodMask VARCHAR(128) not null, -- Method mask   ruleType VARCHAR(32) default 'A' not null, -- Is this ALLOW rule(A) or DENY rule(D) or Complements(C) rule   ruleRole BIGINT not null, -- Role for which the rule applies      mi_owner bigi... (truncated) length=1043
20180302 09090551  #  -    		00.000.243
20180302 09090551  #  -    	00.000.249
20180302 09090551  # DB    	Commit connection "main" in 74us
20180302 09090551  # http  	127.0.0.1 <- 200
20180302 09090551  #  -    00.000.742
20180302 09090552  #  +    runSQL?CONNECTION=main
20180302 09090552  # http  	127.0.0.1 -> POST runSQL?CONNECTION=main
20180302 09090552  # http  	create table uba_subject (   ID BIGINT not null PRIMARY KEY,   code VARCHAR(128) not null, -- Code   name VARCHAR(128) not null, -- Login   sType VARCHAR(1) not null, -- Subject type   mi_unityEntity VARCHAR(64) not null  );  
20180302 09090552  # call  	endpoint runSQL
20180302 09090552  #  +    	ubApp.TubApp(04BC3EE0).DBExecute
20180302 09090552  #  +    		ubApp.TubApp(04BC3EE0).TubApp.InternalDBExecute
20180302 09090552  # DB    			StartTransaction for connection "main"
20180302 09090552  # SQL   			ubDBSQLite3ThreadSafe.TubSQLite3Statement(04C75D70) create table uba_subject (   ID BIGINT not null PRIMARY KEY,   code VARCHAR(128) not null, -- Code   name VARCHAR(128) not null, -- Login   sType VARCHAR(1) not null, -- Subject type   mi_unityEntity VARCHAR(64) not null  );  
20180302 09090552  #  -    		00.000.191
20180302 09090552  #  -    	00.000.198
20180302 09090552  # DB    	Commit connection "main" in 78us
20180302 09090552  # http  	127.0.0.1 <- 200
20180302 09090552  #  -    00.000.526
20180302 09090552  #  +    runSQL?CONNECTION=main
20180302 09090552  # http  	127.0.0.1 -> POST runSQL?CONNECTION=main
20180302 09090552  # http  	create table uba_userrole (   ID BIGINT not null PRIMARY KEY,   userID BIGINT not null, -- User   roleID BIGINT not null, -- Role      mi_owner bigint NOT NULL, -- Row owner      mi_createdate DATETIME NOT NULL, -- Creation date      mi_createuser bigint NOT NULL, -- User who create row      mi_modifydate DATETIME NOT NULL, -- Modification date      mi_modifyuser bigint NOT NULL, -- User who modify row      FOREIGN KEY(userID) REFERENCES uba_user,      FOREIGN KEY(roleID) REFERENCES uba_role,      FOREIGN KEY(mi_owner) REFERENCES uba_user,      FOREIGN KEY(mi_createuser) REFERENCES uba_user,      FOREIGN KEY(mi_modifyuser) REFERENCES uba_user  );  
20180302 09090552  # call  	endpoint runSQL
20180302 09090552  #  +    	ubApp.TubApp(04BC3EE0).DBExecute
20180302 09090552  #  +    		ubApp.TubApp(04BC3EE0).TubApp.InternalDBExecute
20180302 09090552  # DB    			StartTransaction for connection "main"
20180302 09090552  # SQL   			ubDBSQLite3ThreadSafe.TubSQLite3Statement(04C75D70) create table uba_userrole (   ID BIGINT not null PRIMARY KEY,   userID BIGINT not null, -- User   roleID BIGINT not null, -- Role      mi_owner bigint NOT NULL, -- Row owner      mi_createdate DATETIME NOT NULL, -- Creation date      mi_createuser bigint NOT NULL, -- User who create row      mi_modifydate DATETIME NOT NULL, -- Modification date      mi_modifyuser bigint NOT NULL, -- User who modify row      FOREIGN KEY(userID) REFERENCES uba_user,      FOREIGN KEY(roleID) REFERENCES uba_role,      FOREIGN K... (truncated) length=656
20180302 09090552  #  -    		00.000.333
20180302 09090552  #  -    	00.000.339
20180302 09090552  # DB    	Commit connection "main" in 200us
20180302 09090552  # http  	127.0.0.1 <- 200
20180302 09090552  #  -    00.000.686
20180302 09090552  #  +    runSQL?CONNECTION=main
20180302 09090552  # http  	127.0.0.1 -> POST runSQL?CONNECTION=main
20180302 09090552  # http  	create table uba_als (   ID BIGINT not null PRIMARY KEY,   entity VARCHAR(64) not null, -- Entity   attribute VARCHAR(32) not null, -- Attribute   state VARCHAR(32) not null, -- State code   roleName VARCHAR(32) not null, -- Role name   actions INTEGER not null -- Allow actions  );  
20180302 09090552  # call  	endpoint runSQL
20180302 09090552  #  +    	ubApp.TubApp(04BC3EE0).DBExecute
20180302 09090552  #  +    		ubApp.TubApp(04BC3EE0).TubApp.InternalDBExecute
20180302 09090552  # DB    			StartTransaction for connection "main"
20180302 09090552  # SQL   			ubDBSQLite3ThreadSafe.TubSQLite3Statement(04C75D70) create table uba_als (   ID BIGINT not null PRIMARY KEY,   entity VARCHAR(64) not null, -- Entity   attribute VARCHAR(32) not null, -- Attribute   state VARCHAR(32) not null, -- State code   roleName VARCHAR(32) not null, -- Role name   actions INTEGER not null -- Allow actions  );  
20180302 09090552  #  -    		00.000.213
20180302 09090552  #  -    	00.000.219
20180302 09090552  # DB    	Commit connection "main" in 224us
20180302 09090552  # http  	127.0.0.1 <- 200
20180302 09090552  #  -    00.000.596
20180302 09090552  #  +    runSQL?CONNECTION=main
20180302 09090552  # http  	127.0.0.1 -> POST runSQL?CONNECTION=main
20180302 09090552  # http  	create table uba_audit (   ID BIGINT not null PRIMARY KEY,   entity VARCHAR(32) not null, -- Entity code   entityinfo_id BIGINT not null, -- Instance ID   actionType VARCHAR(32) not null, -- Action   actionUser VARCHAR(128) not null, -- User, who perform the action   actionTime DATETIME not null, -- Action time   remoteIP VARCHAR(40) null, -- Caller remote IP address. NULL in case of localhost   targetUser VARCHAR(128) null, -- The user name for which the data has changed   targetRole VARCHAR(128) null, -- The role name for which the data has changed   fromValue TEXT null, -- Old values   toValue TEXT null -- New values  );  
20180302 09090552  # call  	endpoint runSQL
20180302 09090552  #  +    	ubApp.TubApp(04BC3EE0).DBExecute
20180302 09090552  #  +    		ubApp.TubApp(04BC3EE0).TubApp.InternalDBExecute
20180302 09090552  # DB    			StartTransaction for connection "main"
20180302 09090552  # SQL   			ubDBSQLite3ThreadSafe.TubSQLite3Statement(04C75D70) create table uba_audit (   ID BIGINT not null PRIMARY KEY,   entity VARCHAR(32) not null, -- Entity code   entityinfo_id BIGINT not null, -- Instance ID   actionType VARCHAR(32) not null, -- Action   actionUser VARCHAR(128) not null, -- User, who perform the action   actionTime DATETIME not null, -- Action time   remoteIP VARCHAR(40) null, -- Caller remote IP address. NULL in case of localhost   targetUser VARCHAR(128) null, -- The user name for which the data has changed   targetRole VARCHAR(128) null, -- ... (truncated) length=633
20180302 09090552  #  -    		00.000.222
20180302 09090552  #  -    	00.000.227
20180302 09090552  # DB    	Commit connection "main" in 89us
20180302 09090552  # http  	127.0.0.1 <- 200
20180302 09090552  #  -    00.000.472
20180302 09090552  #  +    runSQL?CONNECTION=main
20180302 09090552  # http  	127.0.0.1 -> POST runSQL?CONNECTION=main
20180302 09090552  # http  	create table ubs_settings (   ID BIGINT not null PRIMARY KEY,   settingKey VARCHAR(150) not null, -- Setting key. To prevent key conflicts key name must start with a model code where key is used. `ubs.numcounter.autoRegWithDeletedNumber`   name VARCHAR(150) not null, -- Setting name   description VARCHAR(1024) null, -- Description   type VARCHAR(32) null, -- Value type   settingValue VARCHAR(2000) null, -- Value   defaultValue VARCHAR(150) null, -- Default value (setted by developer)      mi_owner bigint NOT NULL, -- Row owner      mi_createdate DATETIME NOT NULL, -- Creation date      mi_createuser bigint NOT NULL, -- User who create row      mi_modifydate DATETIME NOT NULL, -- Modification date      mi_modifyuser bigint NOT NULL, -- User who modify row      FOREIGN KEY(mi_owner) REFERENCES uba_user,      FOREIGN KEY(mi_createuser) REFERENCES uba_user,      FOREIGN KEY(mi_modifyuser) REFERENCES uba_user  );
20180302 09090552  # call  	endpoint runSQL
20180302 09090552  #  +    	ubApp.TubApp(04BC3EE0).DBExecute
20180302 09090552  #  +    		ubApp.TubApp(04BC3EE0).TubApp.InternalDBExecute
20180302 09090552  # DB    			StartTransaction for connection "main"
20180302 09090552  # SQL   			ubDBSQLite3ThreadSafe.TubSQLite3Statement(04C75D70) create table ubs_settings (   ID BIGINT not null PRIMARY KEY,   settingKey VARCHAR(150) not null, -- Setting key. To prevent key conflicts key name must start with a model code where key is used. `ubs.numcounter.autoRegWithDeletedNumber`   name VARCHAR(150) not null, -- Setting name   description VARCHAR(1024) null, -- Description   type VARCHAR(32) null, -- Value type   settingValue VARCHAR(2000) null, -- Value   defaultValue VARCHAR(150) null, -- Default value (setted by developer)      mi_owner bigint NO... (truncated) length=920
20180302 09090552  #  -    		00.000.245
20180302 09090552  #  -    	00.000.251
20180302 09090552  # DB    	Commit connection "main" in 89us
20180302 09090552  # http  	127.0.0.1 <- 200
20180302 09090552  #  -    00.000.535
20180302 09090552  #  +    runSQL?CONNECTION=main
20180302 09090552  # http  	127.0.0.1 -> POST runSQL?CONNECTION=main
20180302 09090552  # http  	PRAGMA foreign_keys = OFF
20180302 09090552  # call  	endpoint runSQL
20180302 09090552  #  +    	ubApp.TubApp(04BC3EE0).DBExecute
20180302 09090552  #  +    		ubApp.TubApp(04BC3EE0).TubApp.InternalDBExecute
20180302 09090552  # SQL   			ubDBSQLite3ThreadSafe.TubSQLite3Statement(04C75D70) PRAGMA foreign_keys = OFF
20180302 09090552  #  -    		00.000.024
20180302 09090552  #  -    	00.000.037
20180302 09090552  # http  	127.0.0.1 <- 200
20180302 09090552  #  -    00.000.191
20180302 09090552  #  +    runSQL?CONNECTION=main
20180302 09090552  # http  	127.0.0.1 -> POST runSQL?CONNECTION=main
20180302 09090552  # http  	insert into uba_subject (ID,code,name,sType,mi_unityentity) values(0, 'Everyone', 'Everyone build-in role', 'R', 'UBA_SUBJECT')
20180302 09090552  # call  	endpoint runSQL
20180302 09090552  #  +    	ubApp.TubApp(04BC3EE0).DBExecute
20180302 09090552  #  +    		ubApp.TubApp(04BC3EE0).TubApp.InternalDBExecute
20180302 09090552  # DB    			StartTransaction for connection "main"
20180302 09090552  # SQL   			ubDBSQLite3ThreadSafe.TubSQLite3Statement(04C75D70) insert into uba_subject (ID,code,name,sType,mi_unityentity) values(0, 'Everyone', 'Everyone build-in role', 'R', 'UBA_SUBJECT')
20180302 09090552  #  -    		00.000.090
20180302 09090552  #  -    	00.000.096
20180302 09090552  # DB    	Commit connection "main" in 72us
20180302 09090552  # http  	127.0.0.1 <- 200
20180302 09090552  #  -    00.000.310
20180302 09090553  #  +    runSQL?CONNECTION=main
20180302 09090553  # http  	127.0.0.1 -> POST runSQL?CONNECTION=main
20180302 09090553  # http  	insert into uba_role (ID,name,description,sessionTimeout,allowedAppMethods,mi_owner,mi_createdate,mi_createuser,mi_modifydate,mi_modifyuser)          values(0,'Everyone','Everyone build-in role',1000,'auth,timeStamp,statics,getAppInfo,models,getDomainInfo,ubql,rest',10,'2018-03-02T09:09:05Z',10,'2018-03-02T09:09:05Z',10)
20180302 09090553  # call  	endpoint runSQL
20180302 09090553  #  +    	ubApp.TubApp(04BC3EE0).DBExecute
20180302 09090553  #  +    		ubApp.TubApp(04BC3EE0).TubApp.InternalDBExecute
20180302 09090553  # DB    			StartTransaction for connection "main"
20180302 09090553  # SQL   			ubDBSQLite3ThreadSafe.TubSQLite3Statement(04C75D70) insert into uba_role (ID,name,description,sessionTimeout,allowedAppMethods,mi_owner,mi_createdate,mi_createuser,mi_modifydate,mi_modifyuser)          values(0,'Everyone','Everyone build-in role',1000,'auth,timeStamp,statics,getAppInfo,models,getDomainInfo,ubql,rest',10,'2018-03-02T09:09:05Z',10,'2018-03-02T09:09:05Z',10)
20180302 09090553  #  -    		00.000.096
20180302 09090553  #  -    	00.000.102
20180302 09090553  # DB    	Commit connection "main" in 57us
20180302 09090553  # http  	127.0.0.1 <- 200
20180302 09090553  #  -    00.000.363
20180302 09090553  #  +    runSQL?CONNECTION=main
20180302 09090553  # http  	127.0.0.1 -> POST runSQL?CONNECTION=main
20180302 09090553  # http  	insert into uba_subject (ID,code,name,sType,mi_unityentity) values(1, 'Admin', 'Admin build-in role', 'R', 'UBA_SUBJECT')
20180302 09090553  # call  	endpoint runSQL
20180302 09090553  #  +    	ubApp.TubApp(04BC3EE0).DBExecute
20180302 09090553  #  +    		ubApp.TubApp(04BC3EE0).TubApp.InternalDBExecute
20180302 09090553  # DB    			StartTransaction for connection "main"
20180302 09090553  # SQL   			ubDBSQLite3ThreadSafe.TubSQLite3Statement(04C75D70) insert into uba_subject (ID,code,name,sType,mi_unityentity) values(1, 'Admin', 'Admin build-in role', 'R', 'UBA_SUBJECT')
20180302 09090553  #  -    		00.000.079
20180302 09090553  #  -    	00.000.084
20180302 09090553  # DB    	Commit connection "main" in 62us
20180302 09090553  # http  	127.0.0.1 <- 200
20180302 09090553  #  -    00.000.291
20180302 09090553  #  +    runSQL?CONNECTION=main
20180302 09090553  # http  	127.0.0.1 -> POST runSQL?CONNECTION=main
20180302 09090553  # http  	insert into uba_role (ID,name,description,sessionTimeout,allowedAppMethods,mi_owner,mi_createdate,mi_createuser,mi_modifydate,mi_modifyuser)          values(1,'Admin','Admin build-in role',10,'*',10,'2018-03-02T09:09:05Z',10,'2018-03-02T09:09:05Z',10)
20180302 09090553  # call  	endpoint runSQL
20180302 09090553  #  +    	ubApp.TubApp(04BC3EE0).DBExecute
20180302 09090553  #  +    		ubApp.TubApp(04BC3EE0).TubApp.InternalDBExecute
20180302 09090553  # DB    			StartTransaction for connection "main"
20180302 09090553  # SQL   			ubDBSQLite3ThreadSafe.TubSQLite3Statement(04C75D70) insert into uba_role (ID,name,description,sessionTimeout,allowedAppMethods,mi_owner,mi_createdate,mi_createuser,mi_modifydate,mi_modifyuser)          values(1,'Admin','Admin build-in role',10,'*',10,'2018-03-02T09:09:05Z',10,'2018-03-02T09:09:05Z',10)
20180302 09090553  #  -    		00.000.111
20180302 09090553  #  -    	00.000.117
20180302 09090553  # DB    	Commit connection "main" in 75us
20180302 09090553  # http  	127.0.0.1 <- 200
20180302 09090553  #  -    00.000.370
20180302 09090553  #  +    runSQL?CONNECTION=main
20180302 09090553  # http  	127.0.0.1 -> POST runSQL?CONNECTION=main
20180302 09090553  # http  	insert into uba_subject (ID,code,name,sType,mi_unityentity) values(2, 'Anonymous', 'Anonymous build-in role', 'R', 'UBA_SUBJECT')
20180302 09090553  # call  	endpoint runSQL
20180302 09090553  #  +    	ubApp.TubApp(04BC3EE0).DBExecute
20180302 09090553  #  +    		ubApp.TubApp(04BC3EE0).TubApp.InternalDBExecute
20180302 09090553  # DB    			StartTransaction for connection "main"
20180302 09090553  # SQL   			ubDBSQLite3ThreadSafe.TubSQLite3Statement(04C75D70) insert into uba_subject (ID,code,name,sType,mi_unityentity) values(2, 'Anonymous', 'Anonymous build-in role', 'R', 'UBA_SUBJECT')
20180302 09090553  #  -    		00.000.094
20180302 09090553  #  -    	00.000.099
20180302 09090553  # DB    	Commit connection "main" in 70us
20180302 09090553  # http  	127.0.0.1 <- 200
20180302 09090553  #  -    00.000.348
20180302 09090553  #  +    runSQL?CONNECTION=main
20180302 09090553  # http  	127.0.0.1 -> POST runSQL?CONNECTION=main
20180302 09090553  # http  	insert into uba_role (ID,name,description,sessionTimeout,allowedAppMethods,mi_owner,mi_createdate,mi_createuser,mi_modifydate,mi_modifyuser)          values(2,'Anonymous','Anonymous build-in role',1000,'',10,'2018-03-02T09:09:05Z',10,'2018-03-02T09:09:05Z',10)
20180302 09090553  # call  	endpoint runSQL
20180302 09090553  #  +    	ubApp.TubApp(04BC3EE0).DBExecute
20180302 09090553  #  +    		ubApp.TubApp(04BC3EE0).TubApp.InternalDBExecute
20180302 09090553  # DB    			StartTransaction for connection "main"
20180302 09090553  # SQL   			ubDBSQLite3ThreadSafe.TubSQLite3Statement(04C75D70) insert into uba_role (ID,name,description,sessionTimeout,allowedAppMethods,mi_owner,mi_createdate,mi_createuser,mi_modifydate,mi_modifyuser)          values(2,'Anonymous','Anonymous build-in role',1000,'',10,'2018-03-02T09:09:05Z',10,'2018-03-02T09:09:05Z',10)
20180302 09090553  #  -    		00.000.091
20180302 09090553  #  -    	00.000.097
20180302 09090553  # DB    	Commit connection "main" in 64us
20180302 09090553  # http  	127.0.0.1 <- 200
20180302 09090553  #  -    00.000.308
20180302 09090553  #  +    runSQL?CONNECTION=main
20180302 09090553  # http  	127.0.0.1 -> POST runSQL?CONNECTION=main
20180302 09090553  # http  	insert into uba_subject (ID,code,name,sType,mi_unityentity) values(3, 'User', 'User build-in role', 'R', 'UBA_SUBJECT')
20180302 09090553  # call  	endpoint runSQL
20180302 09090553  #  +    	ubApp.TubApp(04BC3EE0).DBExecute
20180302 09090553  #  +    		ubApp.TubApp(04BC3EE0).TubApp.InternalDBExecute
20180302 09090553  # DB    			StartTransaction for connection "main"
20180302 09090553  # SQL   			ubDBSQLite3ThreadSafe.TubSQLite3Statement(04C75D70) insert into uba_subject (ID,code,name,sType,mi_unityentity) values(3, 'User', 'User build-in role', 'R', 'UBA_SUBJECT')
20180302 09090553  #  -    		00.000.073
20180302 09090553  #  -    	00.000.078
20180302 09090553  # DB    	Commit connection "main" in 59us
20180302 09090553  # http  	127.0.0.1 <- 200
20180302 09090553  #  -    00.000.261
20180302 09090553  #  +    runSQL?CONNECTION=main
20180302 09090553  # http  	127.0.0.1 -> POST runSQL?CONNECTION=main
20180302 09090553  # http  	insert into uba_role (ID,name,description,sessionTimeout,allowedAppMethods,mi_owner,mi_createdate,mi_createuser,mi_modifydate,mi_modifyuser)          values(3,'User','User build-in role',30,'logout,changePassword,setDocument,getDocument',10,'2018-03-02T09:09:05Z',10,'2018-03-02T09:09:05Z',10)
20180302 09090553  # call  	endpoint runSQL
20180302 09090553  #  +    	ubApp.TubApp(04BC3EE0).DBExecute
20180302 09090553  #  +    		ubApp.TubApp(04BC3EE0).TubApp.InternalDBExecute
20180302 09090553  # DB    			StartTransaction for connection "main"
20180302 09090553  # SQL   			ubDBSQLite3ThreadSafe.TubSQLite3Statement(04C75D70) insert into uba_role (ID,name,description,sessionTimeout,allowedAppMethods,mi_owner,mi_createdate,mi_createuser,mi_modifydate,mi_modifyuser)          values(3,'User','User build-in role',30,'logout,changePassword,setDocument,getDocument',10,'2018-03-02T09:09:05Z',10,'2018-03-02T09:09:05Z',10)
20180302 09090553  #  -    		00.000.077
20180302 09090553  #  -    	00.000.082
20180302 09090553  # DB    	Commit connection "main" in 122us
20180302 09090553  # http  	127.0.0.1 <- 200
20180302 09090553  #  -    00.000.327
20180302 09090553  #  +    runSQL?CONNECTION=main
20180302 09090553  # http  	127.0.0.1 -> POST runSQL?CONNECTION=main
20180302 09090553  # http  	insert into uba_subject (ID,code,name,sType,mi_unityentity) values(4, 'Supervisor', 'Supervisor build-in role', 'R', 'UBA_SUBJECT')
20180302 09090553  # call  	endpoint runSQL
20180302 09090553  #  +    	ubApp.TubApp(04BC3EE0).DBExecute
20180302 09090553  #  +    		ubApp.TubApp(04BC3EE0).TubApp.InternalDBExecute
20180302 09090553  # DB    			StartTransaction for connection "main"
20180302 09090553  # SQL   			ubDBSQLite3ThreadSafe.TubSQLite3Statement(04C75D70) insert into uba_subject (ID,code,name,sType,mi_unityentity) values(4, 'Supervisor', 'Supervisor build-in role', 'R', 'UBA_SUBJECT')
20180302 09090553  #  -    		00.000.145
20180302 09090553  #  -    	00.000.151
20180302 09090553  # DB    	Commit connection "main" in 91us
20180302 09090553  # http  	127.0.0.1 <- 200
20180302 09090553  #  -    00.000.376
20180302 09090553  #  +    runSQL?CONNECTION=main
20180302 09090553  # http  	127.0.0.1 -> POST runSQL?CONNECTION=main
20180302 09090553  # http  	insert into uba_role (ID,name,description,sessionTimeout,allowedAppMethods,mi_owner,mi_createdate,mi_createuser,mi_modifydate,mi_modifyuser)          values(4,'Supervisor','Supervisor build-in role',10,'',10,'2018-03-02T09:09:05Z',10,'2018-03-02T09:09:05Z',10)
20180302 09090553  # call  	endpoint runSQL
20180302 09090553  #  +    	ubApp.TubApp(04BC3EE0).DBExecute
20180302 09090553  #  +    		ubApp.TubApp(04BC3EE0).TubApp.InternalDBExecute
20180302 09090553  # DB    			StartTransaction for connection "main"
20180302 09090553  # SQL   			ubDBSQLite3ThreadSafe.TubSQLite3Statement(04C75D70) insert into uba_role (ID,name,description,sessionTimeout,allowedAppMethods,mi_owner,mi_createdate,mi_createuser,mi_modifydate,mi_modifyuser)          values(4,'Supervisor','Supervisor build-in role',10,'',10,'2018-03-02T09:09:05Z',10,'2018-03-02T09:09:05Z',10)
20180302 09090553  #  -    		00.000.083
20180302 09090553  #  -    	00.000.089
20180302 09090553  # DB    	Commit connection "main" in 59us
20180302 09090553  # http  	127.0.0.1 <- 200
20180302 09090553  #  -    00.000.279
20180302 09090553  #  +    runSQL?CONNECTION=main
20180302 09090553  # http  	127.0.0.1 -> POST runSQL?CONNECTION=main
20180302 09090553  # http  	insert into uba_subject (ID,code,name,sType,mi_unityentity) values(5, 'Developer', 'Developer build-in role', 'R', 'UBA_SUBJECT')
20180302 09090553  # call  	endpoint runSQL
20180302 09090553  #  +    	ubApp.TubApp(04BC3EE0).DBExecute
20180302 09090553  #  +    		ubApp.TubApp(04BC3EE0).TubApp.InternalDBExecute
20180302 09090553  # DB    			StartTransaction for connection "main"
20180302 09090553  # SQL   			ubDBSQLite3ThreadSafe.TubSQLite3Statement(04C75D70) insert into uba_subject (ID,code,name,sType,mi_unityentity) values(5, 'Developer', 'Developer build-in role', 'R', 'UBA_SUBJECT')
20180302 09090553  #  -    		00.000.073
20180302 09090553  #  -    	00.000.078
20180302 09090553  # DB    	Commit connection "main" in 59us
20180302 09090553  # http  	127.0.0.1 <- 200
20180302 09090553  #  -    00.000.266
20180302 09090553  #  +    runSQL?CONNECTION=main
20180302 09090553  # http  	127.0.0.1 -> POST runSQL?CONNECTION=main
20180302 09090553  # http  	insert into uba_role (ID,name,description,sessionTimeout,allowedAppMethods,mi_owner,mi_createdate,mi_createuser,mi_modifydate,mi_modifyuser)          values(5,'Developer','Developer build-in role',10,'',10,'2018-03-02T09:09:05Z',10,'2018-03-02T09:09:05Z',10)
20180302 09090553  # call  	endpoint runSQL
20180302 09090553  #  +    	ubApp.TubApp(04BC3EE0).DBExecute
20180302 09090553  #  +    		ubApp.TubApp(04BC3EE0).TubApp.InternalDBExecute
20180302 09090553  # DB    			StartTransaction for connection "main"
20180302 09090553  # SQL   			ubDBSQLite3ThreadSafe.TubSQLite3Statement(04C75D70) insert into uba_role (ID,name,description,sessionTimeout,allowedAppMethods,mi_owner,mi_createdate,mi_createuser,mi_modifydate,mi_modifyuser)          values(5,'Developer','Developer build-in role',10,'',10,'2018-03-02T09:09:05Z',10,'2018-03-02T09:09:05Z',10)
20180302 09090553  #  -    		00.000.078
20180302 09090553  #  -    	00.000.082
20180302 09090553  # DB    	Commit connection "main" in 57us
20180302 09090553  # http  	127.0.0.1 <- 200
20180302 09090553  #  -    00.000.263
20180302 09090554  #  +    runSQL?CONNECTION=main
20180302 09090554  # http  	127.0.0.1 -> POST runSQL?CONNECTION=main
20180302 09090554  # http  	insert into uba_subject (ID,code,name,sType,mi_unityentity) values(6, 'Monitor', 'Monitor build-in role', 'R', 'UBA_SUBJECT')
20180302 09090554  # call  	endpoint runSQL
20180302 09090554  #  +    	ubApp.TubApp(04BC3EE0).DBExecute
20180302 09090554  #  +    		ubApp.TubApp(04BC3EE0).TubApp.InternalDBExecute
20180302 09090554  # DB    			StartTransaction for connection "main"
20180302 09090554  # SQL   			ubDBSQLite3ThreadSafe.TubSQLite3Statement(04C75D70) insert into uba_subject (ID,code,name,sType,mi_unityentity) values(6, 'Monitor', 'Monitor build-in role', 'R', 'UBA_SUBJECT')
20180302 09090554  #  -    		00.000.072
20180302 09090554  #  -    	00.000.077
20180302 09090554  # DB    	Commit connection "main" in 53us
20180302 09090554  # http  	127.0.0.1 <- 200
20180302 09090554  #  -    00.000.278
20180302 09090554  #  +    runSQL?CONNECTION=main
20180302 09090554  # http  	127.0.0.1 -> POST runSQL?CONNECTION=main
20180302 09090554  # http  	insert into uba_role (ID,name,description,sessionTimeout,allowedAppMethods,mi_owner,mi_createdate,mi_createuser,mi_modifydate,mi_modifyuser)          values(6,'Monitor','Monitor build-in role',100,'stat',10,'2018-03-02T09:09:05Z',10,'2018-03-02T09:09:05Z',10)
20180302 09090554  # call  	endpoint runSQL
20180302 09090554  #  +    	ubApp.TubApp(04BC3EE0).DBExecute
20180302 09090554  #  +    		ubApp.TubApp(04BC3EE0).TubApp.InternalDBExecute
20180302 09090554  # DB    			StartTransaction for connection "main"
20180302 09090554  # SQL   			ubDBSQLite3ThreadSafe.TubSQLite3Statement(04C75D70) insert into uba_role (ID,name,description,sessionTimeout,allowedAppMethods,mi_owner,mi_createdate,mi_createuser,mi_modifydate,mi_modifyuser)          values(6,'Monitor','Monitor build-in role',100,'stat',10,'2018-03-02T09:09:05Z',10,'2018-03-02T09:09:05Z',10)
20180302 09090554  #  -    		00.000.078
20180302 09090554  #  -    	00.000.083
20180302 09090554  # DB    	Commit connection "main" in 56us
20180302 09090554  # http  	127.0.0.1 <- 200
20180302 09090554  #  -    00.000.265
20180302 09090554  #  +    runSQL?CONNECTION=main
20180302 09090554  # http  	127.0.0.1 -> POST runSQL?CONNECTION=main
20180302 09090554  # http  	insert into uba_subject (ID,code,name,sType,mi_unityentity) values(10, 'admin', 'admin', 'U', 'UBA_USER')
20180302 09090554  # call  	endpoint runSQL
20180302 09090554  #  +    	ubApp.TubApp(04BC3EE0).DBExecute
20180302 09090554  #  +    		ubApp.TubApp(04BC3EE0).TubApp.InternalDBExecute
20180302 09090554  # DB    			StartTransaction for connection "main"
20180302 09090554  # SQL   			ubDBSQLite3ThreadSafe.TubSQLite3Statement(04C75D70) insert into uba_subject (ID,code,name,sType,mi_unityentity) values(10, 'admin', 'admin', 'U', 'UBA_USER')
20180302 09090554  #  -    		00.000.069
20180302 09090554  #  -    	00.000.074
20180302 09090554  # DB    	Commit connection "main" in 58us
20180302 09090554  # http  	127.0.0.1 <- 200
20180302 09090554  #  -    00.000.252
20180302 09090554  #  +    runSQL?CONNECTION=main
20180302 09090554  # http  	127.0.0.1 -> POST runSQL?CONNECTION=main
20180302 09090554  # http  	insert into uba_user (ID, name, description, upasswordhashhexa, disabled, udata,mi_owner,mi_createdate,mi_createuser,mi_modifydate,mi_modifyuser)          values (10, 'admin', 'admin', '2bb7998496899acdd8137fad3a44faf96a84a03d7f230ce42e97cd17c7ae429e', 0, '',10,'2018-03-02T09:09:05Z',10,'2018-03-02T09:09:05Z',10)
20180302 09090554  # call  	endpoint runSQL
20180302 09090554  #  +    	ubApp.TubApp(04BC3EE0).DBExecute
20180302 09090554  #  +    		ubApp.TubApp(04BC3EE0).TubApp.InternalDBExecute
20180302 09090554  # DB    			StartTransaction for connection "main"
20180302 09090554  # SQL   			ubDBSQLite3ThreadSafe.TubSQLite3Statement(04C75D70) insert into uba_user (ID, name, description, upasswordhashhexa, disabled, udata,mi_owner,mi_createdate,mi_createuser,mi_modifydate,mi_modifyuser)          values (10, 'admin', 'admin', '2bb7998496899acdd8137fad3a44faf96a84a03d7f230ce42e97cd17c7ae429e', 0, '',10,'2018-03-02T09:09:05Z',10,'2018-03-02T09:09:05Z',10)
20180302 09090554  #  -    		00.000.178
20180302 09090554  #  -    	00.000.185
20180302 09090554  # DB    	Commit connection "main" in 155us
20180302 09090554  # http  	127.0.0.1 <- 200
20180302 09090554  #  -    00.000.574
20180302 09090554  #  +    runSQL?CONNECTION=main
20180302 09090554  # http  	127.0.0.1 -> POST runSQL?CONNECTION=main
20180302 09090554  # http  	insert into uba_subject (ID,code,name,sType,mi_unityentity) values(20, 'anonymous', 'anonymous', 'U', 'UBA_USER')
20180302 09090554  # call  	endpoint runSQL
20180302 09090554  #  +    	ubApp.TubApp(04BC3EE0).DBExecute
20180302 09090554  #  +    		ubApp.TubApp(04BC3EE0).TubApp.InternalDBExecute
20180302 09090554  # DB    			StartTransaction for connection "main"
20180302 09090554  # SQL   			ubDBSQLite3ThreadSafe.TubSQLite3Statement(04C75D70) insert into uba_subject (ID,code,name,sType,mi_unityentity) values(20, 'anonymous', 'anonymous', 'U', 'UBA_USER')
20180302 09090554  #  -    		00.000.087
20180302 09090554  #  -    	00.000.093
20180302 09090554  # DB    	Commit connection "main" in 62us
20180302 09090554  # http  	127.0.0.1 <- 200
20180302 09090554  #  -    00.000.317
20180302 09090554  #  +    runSQL?CONNECTION=main
20180302 09090554  # http  	127.0.0.1 -> POST runSQL?CONNECTION=main
20180302 09090554  # http  	insert into uba_user (ID, name, description, upasswordhashhexa, disabled, udata,mi_owner,mi_createdate,mi_createuser,mi_modifydate,mi_modifyuser)          values (20, 'anonymous', 'anonymous', '-', 0, '',10,'2018-03-02T09:09:05Z',10,'2018-03-02T09:09:05Z',10)
20180302 09090554  # call  	endpoint runSQL
20180302 09090554  #  +    	ubApp.TubApp(04BC3EE0).DBExecute
20180302 09090554  #  +    		ubApp.TubApp(04BC3EE0).TubApp.InternalDBExecute
20180302 09090554  # DB    			StartTransaction for connection "main"
20180302 09090554  # SQL   			ubDBSQLite3ThreadSafe.TubSQLite3Statement(04C75D70) insert into uba_user (ID, name, description, upasswordhashhexa, disabled, udata,mi_owner,mi_createdate,mi_createuser,mi_modifydate,mi_modifyuser)          values (20, 'anonymous', 'anonymous', '-', 0, '',10,'2018-03-02T09:09:05Z',10,'2018-03-02T09:09:05Z',10)
20180302 09090554  #  -    		00.000.100
20180302 09090554  #  -    	00.000.106
20180302 09090554  # DB    	Commit connection "main" in 55us
20180302 09090554  # http  	127.0.0.1 <- 200
20180302 09090554  #  -    00.000.301
20180302 09090554  #  +    runSQL?CONNECTION=main
20180302 09090554  # http  	127.0.0.1 -> POST runSQL?CONNECTION=main
20180302 09090554  # http  	insert into uba_els (ID,code,description,disabled,entityMask,methodMask,ruleType,ruleRole,mi_owner,mi_createdate,mi_createuser,mi_modifydate,mi_modifyuser)        VALUES (200, 'UBA_ADMIN_ALL', 'Admins - enable all',0,'*','*','A',1,10,'2018-03-02T09:09:05Z',10,'2018-03-02T09:09:05Z',10)
20180302 09090554  # call  	endpoint runSQL
20180302 09090554  #  +    	ubApp.TubApp(04BC3EE0).DBExecute
20180302 09090554  #  +    		ubApp.TubApp(04BC3EE0).TubApp.InternalDBExecute
20180302 09090554  # DB    			StartTransaction for connection "main"
20180302 09090554  # SQL   			ubDBSQLite3ThreadSafe.TubSQLite3Statement(04C75D70) insert into uba_els (ID,code,description,disabled,entityMask,methodMask,ruleType,ruleRole,mi_owner,mi_createdate,mi_createuser,mi_modifydate,mi_modifyuser)        VALUES (200, 'UBA_ADMIN_ALL', 'Admins - enable all',0,'*','*','A',1,10,'2018-03-02T09:09:05Z',10,'2018-03-02T09:09:05Z',10)
20180302 09090554  #  -    		00.000.087
20180302 09090554  #  -    	00.000.093
20180302 09090554  # DB    	Commit connection "main" in 52us
20180302 09090554  # http  	127.0.0.1 <- 200
20180302 09090554  #  -    00.000.271
20180302 09090554  #  +    runSQL?CONNECTION=main
20180302 09090554  # http  	127.0.0.1 -> POST runSQL?CONNECTION=main
20180302 09090554  # http  	insert into uba_userrole (ID,userID, roleID,mi_owner,mi_createdate,mi_createuser,mi_modifydate,mi_modifyuser) values(800,10,1,10,'2018-03-02T09:09:05Z',10,'2018-03-02T09:09:05Z',10)
20180302 09090554  # call  	endpoint runSQL
20180302 09090554  #  +    	ubApp.TubApp(04BC3EE0).DBExecute
20180302 09090554  #  +    		ubApp.TubApp(04BC3EE0).TubApp.InternalDBExecute
20180302 09090554  # DB    			StartTransaction for connection "main"
20180302 09090554  # SQL   			ubDBSQLite3ThreadSafe.TubSQLite3Statement(04C75D70) insert into uba_userrole (ID,userID, roleID,mi_owner,mi_createdate,mi_createuser,mi_modifydate,mi_modifyuser) values(800,10,1,10,'2018-03-02T09:09:05Z',10,'2018-03-02T09:09:05Z',10)
20180302 09090554  #  -    		00.000.078
20180302 09090554  #  -    	00.000.083
20180302 09090554  # DB    	Commit connection "main" in 51us
20180302 09090554  # http  	127.0.0.1 <- 200
20180302 09090554  #  -    00.000.292
20180302 09090554  #  +    runSQL?CONNECTION=main
20180302 09090554  # http  	127.0.0.1 -> POST runSQL?CONNECTION=main
20180302 09090554  # http  	insert into uba_userrole (ID,userID, roleID,mi_owner,mi_createdate,mi_createuser,mi_modifydate,mi_modifyuser) values(900,20,2,10,'2018-03-02T09:09:05Z',10,'2018-03-02T09:09:05Z',10)
20180302 09090554  # call  	endpoint runSQL
20180302 09090554  #  +    	ubApp.TubApp(04BC3EE0).DBExecute
20180302 09090554  #  +    		ubApp.TubApp(04BC3EE0).TubApp.InternalDBExecute
20180302 09090554  # DB    			StartTransaction for connection "main"
20180302 09090554  # SQL   			ubDBSQLite3ThreadSafe.TubSQLite3Statement(04C75D70) insert into uba_userrole (ID,userID, roleID,mi_owner,mi_createdate,mi_createuser,mi_modifydate,mi_modifyuser) values(900,20,2,10,'2018-03-02T09:09:05Z',10,'2018-03-02T09:09:05Z',10)
20180302 09090554  #  -    		00.000.074
20180302 09090554  #  -    	00.000.079
20180302 09090554  # DB    	Commit connection "main" in 58us
20180302 09090554  # http  	127.0.0.1 <- 200
20180302 09090554  #  -    00.000.268
20180302 09090554  #  +    runSQL?CONNECTION=main
20180302 09090554  # http  	127.0.0.1 -> POST runSQL?CONNECTION=main
20180302 09090554  # http  	PRAGMA foreign_keys = ON
20180302 09090554  # call  	endpoint runSQL
20180302 09090554  #  +    	ubApp.TubApp(04BC3EE0).DBExecute
20180302 09090554  #  +    		ubApp.TubApp(04BC3EE0).TubApp.InternalDBExecute
20180302 09090554  # SQL   			ubDBSQLite3ThreadSafe.TubSQLite3Statement(04C75D70) PRAGMA foreign_keys = ON
20180302 09090554  #  -    		00.000.017
20180302 09090554  #  -    	00.000.027
20180302 09090554  # http  	127.0.0.1 <- 200
20180302 09090554  #  -    00.000.141
20180302 09090557  ! info  ubApp.TubApp(04BC3EE0) {   "ClientsCurrent": 0,   "ClientsMax": 0,   "Invalid": 0,   "Responses": 33,   "Modified": 31,   "IncomingBytes": 19954,   "OutcomingBytes": 2017,   "OutcomingFiles": 0,   "ServiceCalls": 33,   "ProcessTime": "206.96ms"  }
