c:\UnityBase\UB.exe 4.0.0.0 (2018-02-22 17:30:16)Host=DESKTOP-GAR5TAF User=dovorob CPU=4*9-6-10759:FFFBEBBFBFE3BA1D0000000000 OS=23.0=10.0.16299 Wow64=1 Freq=2240995Environment variables=ALLUSERSPROFILE=C:\ProgramData	APPDATA=C:\Users\dovorob\AppData\Roaming	CommonProgramFiles=C:\Program Files (x86)\Common Files	CommonProgramFiles(x86)=C:\Program Files (x86)\Common Files	CommonProgramW6432=C:\Program Files\Common Files	COMPUTERNAME=DESKTOP-GAR5TAF	ComSpec=C:\WINDOWS\system32\cmd.exe	FARHOME=C:\Program Files\Far Manager	FARLANG=English	FARLOCALPROFILE=C:\Users\dovorob\AppData\Local\Far Manager\Profile	FARPROFILE=C:\Users\dovorob\AppData\Roaming\Far Manager\Profile	FPS_BROWSER_APP_PROFILE_STRING=Internet Explorer	FPS_BROWSER_USER_PROFILE_STRING=Default	FSHARPINSTALLDIR=C:\Program Files (x86)\Microsoft SDKs\F#\4.1\Framework\v4.0\	HOMEDRIVE=C:	HOMEPATH=\Users\dovorob	LOCALAPPDATA=C:\Users\dovorob\AppData\Local	LOGONSERVER=\\DESKTOP-GAR5TAF	MSMPI_BIN=C:\Program Files\Microsoft MPI\Bin\	NUMBER_OF_PROCESSORS=4	OneDrive=C:\Users\dovorob\OneDrive	OS=Windows_NT	Path=C:\Program Files\Microsoft MPI\Bin\;C:\WINDOWS\system32;C:\WINDOWS;C:\WINDOWS\System32\Wbem;C:\WINDOWS\System32\WindowsPowerShell\v1.0\;C:\Program Files (x86)\NVIDIA Corporation\PhysX\Common;C:\Program Files\Microsoft Windows Performance Toolkit\;C:\Program Files\dotnet\;C:\Program Files\Microsoft SQL Server\130\Tools\Binn\;C:\Program Files\Microsoft SQL Server\Client SDK\ODBC\130\Tools\Binn\;C:\Program Files (x86)\Microsoft SQL Server\140\Tools\Binn\;C:\Program Files\Microsoft SQL Server\140\Tools\Binn\;C:\Program Files\Microsoft SQL Server\140\DTS\Binn\;C:\Program Files (x86)\Microsoft SQL Server\Client SDK\ODBC\130\Tools\Binn\;C:\Program Files (x86)\Microsoft SQL Server\140\DTS\Binn\;C:\Program Files (x86)\Microsoft SQL Server\140\Tools\Binn\ManagementStudio\;C:\Program Files\nodejs\;c:\UnityBase;C:\Users\dovorob\AppData\Local\Microsoft\WindowsApps;C:\Users\dovorob\AppData\Roaming\npm	PATHEXT=.COM;.EXE;.BAT;.CMD;.VBS;.VBE;.JSE;.WSF;.WSH;.MSC	PROCESSOR_ARCHITECTURE=x86	PROCESSOR_ARCHITEW6432=AMD64	PROCESSOR_IDENTIFIER=Intel64 Family 6 Model 42 Stepping 7, GenuineIntel	PROCESSOR_LEVEL=6	PROCESSOR_REVISION=2a07	ProgramData=C:\ProgramData	ProgramFiles=C:\Program Files (x86)	ProgramFiles(x86)=C:\Program Files (x86)	ProgramW6432=C:\Program Files	PROMPT=$P$G	PSModulePath=C:\Program Files\WindowsPowerShell\Modules;C:\WINDOWS\system32\WindowsPowerShell\v1.0\Modules;C:\Program Files (x86)\Microsoft SQL Server\140\Tools\PowerShell\Modules\	PUBLIC=C:\Users\Public	SESSIONNAME=Console	SystemDrive=C:	SystemRoot=C:\WINDOWS	TEMP=C:\Users\dovorob\AppData\Local\Temp	TMP=C:\Users\dovorob\AppData\Local\Temp	UB_HOME=c:\UnityBase	USERDOMAIN=DESKTOP-GAR5TAF	USERDOMAIN_ROAMINGPROFILE=DESKTOP-GAR5TAF	USERNAME=dovorob	USERPROFILE=C:\Users\dovorob	VBOX_MSI_INSTALL_PATH=C:\Program Files\Oracle\VirtualBox\	windir=C:\WINDOWSTubLog 1.18.3488 FTS3 2018-03-02T09:05:0120180302 09050143  ! warn  WebSocket support are disabled because WSServer.host = '' in config
20180302 09050145  !  +    ubServer.TubServer(06127510).008863DB 
20180302 09050147  !  +    	Init app
20180302 09050148  ! srvr  		FTS is disabled
20180302 09050148  ! info  		Check blob store "avatars" folder "E:\ubProject\CityPortal\avatars\": folder exists
20180302 09050148  ! info  		Check blob store "attach" folder "E:\ubProject\CityPortal\docs\attach\": folder exists
20180302 09050148  !  -    	00.024.540
20180302 09050148  !  +    	Folder E:\ubProject\CityPortal\node_modules\@unitybase\ub\ modified
20180302 09050148  !  +    		ubCommonClasses.TubThreadSafeCache(04C5CB30).removeStartsWith
20180302 09050148  !  -    		00.000.006
20180302 09050148  !  -    	00.000.012
20180302 09050148  !  +    	ubApp.TubApp(04BC3EE0).init
20180302 09050148  ! srvr  		Mime converters are disabled
20180302 09050148  !  -    	00.000.002
20180302 09050152  ! srvr  	Enable zip compresison
20180302 09050152  ! srvr  	Send initialization request to http://localhost:888/init
20180302 09050152  "  +    InitializationRequest
20180302 09050152  "  +    	init
20180302 09050152  " srvr  		Start application intialization...
20180302 09050152  " info  		Loading domain...
20180302 09050152  " info  		Loading model "UB" from "E:\ubProject\CityPortal\node_modules\@unitybase\ub\"
20180302 09050153  " srvr  		The domain loaded successfully with 0 entities
20180302 09050153  " debug 		Create new JavaScript Engine for thread 7104
20180302 09050209  "  +    		008C234A 
20180302 09050210  " warn  			All API method are allowed for Everyone, because "uba_els" entity not found in domain
20180302 09050211  " warn  			ELS: rule "ALLOW_ALL_NO_ELS_ENTITY" does not match any method. Ignored
20180302 09050211  "  -    		00.017.096
20180302 09050211  " warn  		Method changePassword not found in application but set in allowedAppMethods for user
20180302 09050211  " auth  		New session admin/685948225 created at 127.0.0.1/-216172767618269168 using Mozilla/5.0 (Windows; mORMot 1.18 TWinHTTP)
20180302 09050211  " auth  		New session anonymous/685948224 created at 127.0.0.1/-216172767618269168 using Mozilla/5.0 (Windows; mORMot 1.18 TWinHTTP)
20180302 09050211  "  -    	00.348.270
20180302 09050211  "  -    00.348.288
20180302 09050212  ! srvr  	ubServer.TubServer(06127510) {"THttpApiServer(04B8A990)":{"Cloned":false,"RegisteredUrl":"http://+:888/","HTTPQueueLength":1000,"MaxBandwidth":-1,"MaxConnections":-1,"APIVersion":"HTTP API 2.0","ServerName":"UnityBase","ProcessName":""}} initialized
20180302 09050212  !  -    00.451.283
20180302 09050213  "  +    getAppInfo
20180302 09050213  " http  	127.0.0.1 -> GET getAppInfo
20180302 09050213  " call  	endpoint getAppInfo
20180302 09050213  " http  	127.0.0.1 <- 200
20180302 09050213  "  -    00.000.733
20180302 09050216  "  +    runSQL?CONNECTION=main
20180302 09050216  " http  	127.0.0.1 -> POST runSQL?CONNECTION=main
20180302 09050216  " http  	create table seq_ubmain (client_num INTEGER) /* generateID = clientNum+currentTimeUnixEpoch*100 + 1...99 */
20180302 09050216  " call  	endpoint runSQL
20180302 09050216  "  +    	ubApp.TubApp(04BC3EE0).DBExecute
20180302 09050216  "  +    		ubApp.TubApp(04BC3EE0).TubApp.InternalDBExecute
20180302 09050216  "  +    			00856EC2 
20180302 09050226  "  -    			00.146.627
20180302 09050226  " SQL   			ubDBSQLite3ThreadSafe.TubSQLite3Statement(04C75E90) PRAGMA foreign_keys = ON
20180302 09050226  " DB    			StartTransaction for connection "main"
20180302 09050226  " SQL   			ubDBSQLite3ThreadSafe.TubSQLite3Statement(04C75D70) create table seq_ubmain (client_num INTEGER) /* generateID = clientNum+currentTimeUnixEpoch*100 + 1...99 */
20180302 09050226  "  -    		00.156.375
20180302 09050226  "  -    	00.156.382
20180302 09050226  " DB    	Commit connection "main" in 777us
20180302 09050226  " http  	127.0.0.1 <- 200
20180302 09050226  "  -    00.158.253
20180302 09050227  "  +    runSQL?CONNECTION=main
20180302 09050227  " http  	127.0.0.1 -> POST runSQL?CONNECTION=main
20180302 09050227  " http  	insert into seq_ubmain (client_num) values(30000000000)
20180302 09050227  " call  	endpoint runSQL
20180302 09050227  "  +    	ubApp.TubApp(04BC3EE0).DBExecute
20180302 09050227  "  +    		ubApp.TubApp(04BC3EE0).TubApp.InternalDBExecute
20180302 09050227  " DB    			StartTransaction for connection "main"
20180302 09050227  " SQL   			ubDBSQLite3ThreadSafe.TubSQLite3Statement(04C75D70) insert into seq_ubmain (client_num) values(30000000000)
20180302 09050227  "  -    		00.000.078
20180302 09050227  "  -    	00.000.083
20180302 09050227  " DB    	Commit connection "main" in 81us
20180302 09050227  " http  	127.0.0.1 <- 200
20180302 09050227  "  -    00.000.451
20180302 09050227  "  +    runSQL?CONNECTION=main
20180302 09050227  " http  	127.0.0.1 -> POST runSQL?CONNECTION=main
20180302 09050227  " http  	create table uba_user (   ID BIGINT not null PRIMARY KEY,   name VARCHAR(128) not null,   description VARCHAR(255) null,   uPasswordHashHexa VARCHAR(64) null,   disabled SMALLINT default 0 not null,   isPending SMALLINT default 0 not null,   trustedIP VARCHAR(255) null,   uData VARCHAR(2000) null,   lastPasswordChangeDate DATETIME default (strftime('%Y-%m-%dT%H:%M:%SZ', 'now')) not null,   mi_owner bigint NOT NULL, -- Row owner      mi_createdate DATETIME NOT NULL, -- Creation date      mi_createuser bigint NOT NULL, -- User who create row      mi_modifydate DATETIME NOT NULL, -- Modification date      mi_modifyuser bigint NOT NULL, -- User who modify row      FOREIGN KEY(mi_owner) REFERENCES uba_user,      FOREIGN KEY(mi_createuser) REFERENCES uba_user,      FOREIGN KEY(mi_modifyuser) REFERENCES uba_user  );  
20180302 09050227  " call  	endpoint runSQL
20180302 09050227  "  +    	ubApp.TubApp(04BC3EE0).DBExecute
20180302 09050227  "  +    		ubApp.TubApp(04BC3EE0).TubApp.InternalDBExecute
20180302 09050227  " DB    			StartTransaction for connection "main"
20180302 09050227  " SQL   			ubDBSQLite3ThreadSafe.TubSQLite3Statement(04C75D70) create table uba_user (   ID BIGINT not null PRIMARY KEY,   name VARCHAR(128) not null,   description VARCHAR(255) null,   uPasswordHashHexa VARCHAR(64) null,   disabled SMALLINT default 0 not null,   isPending SMALLINT default 0 not null,   trustedIP VARCHAR(255) null,   uData VARCHAR(2000) null,   lastPasswordChangeDate DATETIME default (strftime('%Y-%m-%dT%H:%M:%SZ', 'now')) not null,   mi_owner bigint NOT NULL, -- Row owner      mi_createdate DATETIME NOT NULL, -- Creation date      mi_createuser bigint... (truncated) length=822
20180302 09050227  "  -    		00.000.276
20180302 09050227  "  -    	00.000.282
20180302 09050227  " DB    	Commit connection "main" in 84us
20180302 09050227  " http  	127.0.0.1 <- 200
20180302 09050227  "  -    00.000.559
20180302 09050227  "  +    runSQL?CONNECTION=main
20180302 09050227  " http  	127.0.0.1 -> POST runSQL?CONNECTION=main
20180302 09050227  " http  	create table uba_role (   ID BIGINT not null PRIMARY KEY,   name VARCHAR(128) not null, -- Role   description VARCHAR(256) not null, -- Description   sessionTimeout INTEGER default 30 not null, -- Time after which the session is deleted by timeout (in minutes)   allowedAppMethods VARCHAR(2000) null,  -- Which application level methods are allowed (comma separated list)      mi_owner bigint NOT NULL, -- Row owner      mi_createdate DATETIME NOT NULL, -- Creation date      mi_createuser bigint NOT NULL, -- User who create row      mi_modifydate DATETIME NOT NULL, -- Modification date      mi_modifyuser bigint NOT NULL, -- User who modify row      FOREIGN KEY(mi_owner) REFERENCES uba_user,      FOREIGN KEY(mi_createuser) REFERENCES uba_user,      FOREIGN KEY(mi_modifyuser) REFERENCES uba_user  );  
20180302 09050227  " call  	endpoint runSQL
20180302 09050227  "  +    	ubApp.TubApp(04BC3EE0).DBExecute
20180302 09050227  "  +    		ubApp.TubApp(04BC3EE0).TubApp.InternalDBExecute
20180302 09050227  " DB    			StartTransaction for connection "main"
20180302 09050227  " SQL   			ubDBSQLite3ThreadSafe.TubSQLite3Statement(04C75D70) create table uba_role (   ID BIGINT not null PRIMARY KEY,   name VARCHAR(128) not null, -- Role   description VARCHAR(256) not null, -- Description   sessionTimeout INTEGER default 30 not null, -- Time after which the session is deleted by timeout (in minutes)   allowedAppMethods VARCHAR(2000) null,  -- Which application level methods are allowed (comma separated list)      mi_owner bigint NOT NULL, -- Row owner      mi_createdate DATETIME NOT NULL, -- Creation date      mi_createuser bigint NOT NULL, -- Us... (truncated) length=806
20180302 09050227  "  -    		00.000.256
20180302 09050227  "  -    	00.000.261
20180302 09050227  " DB    	Commit connection "main" in 145us
20180302 09050227  " http  	127.0.0.1 <- 200
20180302 09050227  "  -    00.000.793
20180302 09050227  "  +    runSQL?CONNECTION=main
20180302 09050227  " http  	127.0.0.1 -> POST runSQL?CONNECTION=main
20180302 09050227  " http  	create table uba_els (   ID BIGINT not null PRIMARY KEY,   code VARCHAR(32) null, -- Code for ELS rule   description VARCHAR(255) not null, -- Rule description   disabled SMALLINT default 0 not null, -- Rule is disabled   entityMask VARCHAR(128) not null, -- Entity mask   methodMask VARCHAR(128) not null, -- Method mask   ruleType VARCHAR(32) default 'A' not null, -- Is this ALLOW rule(A) or DENY rule(D) or Complements(C) rule   ruleRole BIGINT not null, -- Role for which the rule applies      mi_owner bigint NOT NULL, -- Row owner      mi_createdate DATETIME NOT NULL, -- Creation date      mi_createuser bigint NOT NULL, -- User who create row      mi_modifydate DATETIME NOT NULL, -- Modification date      mi_modifyuser bigint NOT NULL, -- User who modify row      CONSTRAINT FK_ELS_MI_OWNER_REF_USR FOREIGN KEY(mi_owner) REFERENCES uba_user,      CONSTRAINT FK_ELS_MI_CREATEUSER_REF_USR FOREIGN KEY(mi_createuser) REFERENCES uba_user,      CONSTRAINT FK_ELS_MI_MODIFYUSER_REF_USR FOREIGN KEY(mi_modifyuser) REFERE... (truncated) length=1043
20180302 09050227  " call  	endpoint runSQL
20180302 09050227  "  +    	ubApp.TubApp(04BC3EE0).DBExecute
20180302 09050227  "  +    		ubApp.TubApp(04BC3EE0).TubApp.InternalDBExecute
20180302 09050227  " DB    			StartTransaction for connection "main"
20180302 09050227  " SQL   			ubDBSQLite3ThreadSafe.TubSQLite3Statement(04C75D70) create table uba_els (   ID BIGINT not null PRIMARY KEY,   code VARCHAR(32) null, -- Code for ELS rule   description VARCHAR(255) not null, -- Rule description   disabled SMALLINT default 0 not null, -- Rule is disabled   entityMask VARCHAR(128) not null, -- Entity mask   methodMask VARCHAR(128) not null, -- Method mask   ruleType VARCHAR(32) default 'A' not null, -- Is this ALLOW rule(A) or DENY rule(D) or Complements(C) rule   ruleRole BIGINT not null, -- Role for which the rule applies      mi_owner bigi... (truncated) length=1043
20180302 09050227  "  -    		00.000.245
20180302 09050227  "  -    	00.000.251
20180302 09050227  " DB    	Commit connection "main" in 80us
20180302 09050227  " http  	127.0.0.1 <- 200
20180302 09050227  "  -    00.000.493
20180302 09050227  "  +    runSQL?CONNECTION=main
20180302 09050227  " http  	127.0.0.1 -> POST runSQL?CONNECTION=main
20180302 09050227  " http  	create table uba_subject (   ID BIGINT not null PRIMARY KEY,   code VARCHAR(128) not null, -- Code   name VARCHAR(128) not null, -- Login   sType VARCHAR(1) not null, -- Subject type   mi_unityEntity VARCHAR(64) not null  );  
20180302 09050227  " call  	endpoint runSQL
20180302 09050227  "  +    	ubApp.TubApp(04BC3EE0).DBExecute
20180302 09050227  "  +    		ubApp.TubApp(04BC3EE0).TubApp.InternalDBExecute
20180302 09050227  " DB    			StartTransaction for connection "main"
20180302 09050227  " SQL   			ubDBSQLite3ThreadSafe.TubSQLite3Statement(04C75D70) create table uba_subject (   ID BIGINT not null PRIMARY KEY,   code VARCHAR(128) not null, -- Code   name VARCHAR(128) not null, -- Login   sType VARCHAR(1) not null, -- Subject type   mi_unityEntity VARCHAR(64) not null  );  
20180302 09050227  "  -    		00.000.184
20180302 09050227  "  -    	00.000.215
20180302 09050227  " DB    	Commit connection "main" in 68us
20180302 09050227  " http  	127.0.0.1 <- 200
20180302 09050227  "  -    00.000.534
20180302 09050227  "  +    runSQL?CONNECTION=main
20180302 09050227  " http  	127.0.0.1 -> POST runSQL?CONNECTION=main
20180302 09050227  " http  	create table uba_userrole (   ID BIGINT not null PRIMARY KEY,   userID BIGINT not null, -- User   roleID BIGINT not null, -- Role      mi_owner bigint NOT NULL, -- Row owner      mi_createdate DATETIME NOT NULL, -- Creation date      mi_createuser bigint NOT NULL, -- User who create row      mi_modifydate DATETIME NOT NULL, -- Modification date      mi_modifyuser bigint NOT NULL, -- User who modify row      FOREIGN KEY(userID) REFERENCES uba_user,      FOREIGN KEY(roleID) REFERENCES uba_role,      FOREIGN KEY(mi_owner) REFERENCES uba_user,      FOREIGN KEY(mi_createuser) REFERENCES uba_user,      FOREIGN KEY(mi_modifyuser) REFERENCES uba_user  );  
20180302 09050227  " call  	endpoint runSQL
20180302 09050227  "  +    	ubApp.TubApp(04BC3EE0).DBExecute
20180302 09050227  "  +    		ubApp.TubApp(04BC3EE0).TubApp.InternalDBExecute
20180302 09050227  " DB    			StartTransaction for connection "main"
20180302 09050227  " SQL   			ubDBSQLite3ThreadSafe.TubSQLite3Statement(04C75D70) create table uba_userrole (   ID BIGINT not null PRIMARY KEY,   userID BIGINT not null, -- User   roleID BIGINT not null, -- Role      mi_owner bigint NOT NULL, -- Row owner      mi_createdate DATETIME NOT NULL, -- Creation date      mi_createuser bigint NOT NULL, -- User who create row      mi_modifydate DATETIME NOT NULL, -- Modification date      mi_modifyuser bigint NOT NULL, -- User who modify row      FOREIGN KEY(userID) REFERENCES uba_user,      FOREIGN KEY(roleID) REFERENCES uba_role,      FOREIGN K... (truncated) length=656
20180302 09050227  "  -    		00.000.273
20180302 09050227  "  -    	00.000.280
20180302 09050227  " DB    	Commit connection "main" in 249us
20180302 09050227  " http  	127.0.0.1 <- 200
20180302 09050227  "  -    00.000.719
20180302 09050228  "  +    runSQL?CONNECTION=main
20180302 09050228  " http  	127.0.0.1 -> POST runSQL?CONNECTION=main
20180302 09050228  " http  	create table uba_als (   ID BIGINT not null PRIMARY KEY,   entity VARCHAR(64) not null, -- Entity   attribute VARCHAR(32) not null, -- Attribute   state VARCHAR(32) not null, -- State code   roleName VARCHAR(32) not null, -- Role name   actions INTEGER not null -- Allow actions  );  
20180302 09050228  " call  	endpoint runSQL
20180302 09050228  "  +    	ubApp.TubApp(04BC3EE0).DBExecute
20180302 09050228  "  +    		ubApp.TubApp(04BC3EE0).TubApp.InternalDBExecute
20180302 09050228  " DB    			StartTransaction for connection "main"
20180302 09050228  " SQL   			ubDBSQLite3ThreadSafe.TubSQLite3Statement(04C75D70) create table uba_als (   ID BIGINT not null PRIMARY KEY,   entity VARCHAR(64) not null, -- Entity   attribute VARCHAR(32) not null, -- Attribute   state VARCHAR(32) not null, -- State code   roleName VARCHAR(32) not null, -- Role name   actions INTEGER not null -- Allow actions  );  
20180302 09050228  "  -    		00.000.217
20180302 09050228  "  -    	00.000.223
20180302 09050228  " DB    	Commit connection "main" in 104us
20180302 09050228  " http  	127.0.0.1 <- 200
20180302 09050228  "  -    00.000.501
20180302 09050228  "  +    runSQL?CONNECTION=main
20180302 09050228  " http  	127.0.0.1 -> POST runSQL?CONNECTION=main
20180302 09050228  " http  	create table uba_audit (   ID BIGINT not null PRIMARY KEY,   entity VARCHAR(32) not null, -- Entity code   entityinfo_id BIGINT not null, -- Instance ID   actionType VARCHAR(32) not null, -- Action   actionUser VARCHAR(128) not null, -- User, who perform the action   actionTime DATETIME not null, -- Action time   remoteIP VARCHAR(40) null, -- Caller remote IP address. NULL in case of localhost   targetUser VARCHAR(128) null, -- The user name for which the data has changed   targetRole VARCHAR(128) null, -- The role name for which the data has changed   fromValue TEXT null, -- Old values   toValue TEXT null -- New values  );  
20180302 09050228  " call  	endpoint runSQL
20180302 09050228  "  +    	ubApp.TubApp(04BC3EE0).DBExecute
20180302 09050228  "  +    		ubApp.TubApp(04BC3EE0).TubApp.InternalDBExecute
20180302 09050228  " DB    			StartTransaction for connection "main"
20180302 09050228  " SQL   			ubDBSQLite3ThreadSafe.TubSQLite3Statement(04C75D70) create table uba_audit (   ID BIGINT not null PRIMARY KEY,   entity VARCHAR(32) not null, -- Entity code   entityinfo_id BIGINT not null, -- Instance ID   actionType VARCHAR(32) not null, -- Action   actionUser VARCHAR(128) not null, -- User, who perform the action   actionTime DATETIME not null, -- Action time   remoteIP VARCHAR(40) null, -- Caller remote IP address. NULL in case of localhost   targetUser VARCHAR(128) null, -- The user name for which the data has changed   targetRole VARCHAR(128) null, -- ... (truncated) length=633
20180302 09050228  "  -    		00.000.220
20180302 09050228  "  -    	00.000.226
20180302 09050228  " DB    	Commit connection "main" in 83us
20180302 09050228  " http  	127.0.0.1 <- 200
20180302 09050228  "  -    00.000.592
20180302 09050228  "  +    runSQL?CONNECTION=main
20180302 09050228  " http  	127.0.0.1 -> POST runSQL?CONNECTION=main
20180302 09050228  " http  	create table ubs_settings (   ID BIGINT not null PRIMARY KEY,   settingKey VARCHAR(150) not null, -- Setting key. To prevent key conflicts key name must start with a model code where key is used. `ubs.numcounter.autoRegWithDeletedNumber`   name VARCHAR(150) not null, -- Setting name   description VARCHAR(1024) null, -- Description   type VARCHAR(32) null, -- Value type   settingValue VARCHAR(2000) null, -- Value   defaultValue VARCHAR(150) null, -- Default value (setted by developer)      mi_owner bigint NOT NULL, -- Row owner      mi_createdate DATETIME NOT NULL, -- Creation date      mi_createuser bigint NOT NULL, -- User who create row      mi_modifydate DATETIME NOT NULL, -- Modification date      mi_modifyuser bigint NOT NULL, -- User who modify row      FOREIGN KEY(mi_owner) REFERENCES uba_user,      FOREIGN KEY(mi_createuser) REFERENCES uba_user,      FOREIGN KEY(mi_modifyuser) REFERENCES uba_user  );
20180302 09050228  " call  	endpoint runSQL
20180302 09050228  "  +    	ubApp.TubApp(04BC3EE0).DBExecute
20180302 09050228  "  +    		ubApp.TubApp(04BC3EE0).TubApp.InternalDBExecute
20180302 09050228  " DB    			StartTransaction for connection "main"
20180302 09050228  " SQL   			ubDBSQLite3ThreadSafe.TubSQLite3Statement(04C75D70) create table ubs_settings (   ID BIGINT not null PRIMARY KEY,   settingKey VARCHAR(150) not null, -- Setting key. To prevent key conflicts key name must start with a model code where key is used. `ubs.numcounter.autoRegWithDeletedNumber`   name VARCHAR(150) not null, -- Setting name   description VARCHAR(1024) null, -- Description   type VARCHAR(32) null, -- Value type   settingValue VARCHAR(2000) null, -- Value   defaultValue VARCHAR(150) null, -- Default value (setted by developer)      mi_owner bigint NO... (truncated) length=920
20180302 09050228  "  -    		00.000.240
20180302 09050228  "  -    	00.000.246
20180302 09050228  " DB    	Commit connection "main" in 89us
20180302 09050228  " http  	127.0.0.1 <- 200
20180302 09050228  "  -    00.000.483
20180302 09050230  "  +    runSQL?CONNECTION=main
20180302 09050230  " http  	127.0.0.1 -> POST runSQL?CONNECTION=main
20180302 09050230  " http  	PRAGMA foreign_keys = OFF
20180302 09050230  " call  	endpoint runSQL
20180302 09050230  "  +    	ubApp.TubApp(04BC3EE0).DBExecute
20180302 09050230  "  +    		ubApp.TubApp(04BC3EE0).TubApp.InternalDBExecute
20180302 09050230  " SQL   			ubDBSQLite3ThreadSafe.TubSQLite3Statement(04C75D70) PRAGMA foreign_keys = OFF
20180302 09050230  "  -    		00.000.024
20180302 09050230  "  -    	00.000.037
20180302 09050230  " http  	127.0.0.1 <- 200
20180302 09050230  "  -    00.000.204
20180302 09050230  "  +    runSQL?CONNECTION=main
20180302 09050230  " http  	127.0.0.1 -> POST runSQL?CONNECTION=main
20180302 09050230  " http  	insert into uba_subject (ID,code,name,sType,mi_unityentity) values(0, 'Everyone', 'Everyone build-in role', 'R', 'UBA_SUBJECT')
20180302 09050230  " call  	endpoint runSQL
20180302 09050230  "  +    	ubApp.TubApp(04BC3EE0).DBExecute
20180302 09050230  "  +    		ubApp.TubApp(04BC3EE0).TubApp.InternalDBExecute
20180302 09050230  " DB    			StartTransaction for connection "main"
20180302 09050230  " SQL   			ubDBSQLite3ThreadSafe.TubSQLite3Statement(04C75D70) insert into uba_subject (ID,code,name,sType,mi_unityentity) values(0, 'Everyone', 'Everyone build-in role', 'R', 'UBA_SUBJECT')
20180302 09050230  "  -    		00.000.091
20180302 09050230  "  -    	00.000.096
20180302 09050230  " DB    	Commit connection "main" in 58us
20180302 09050230  " http  	127.0.0.1 <- 200
20180302 09050230  "  -    00.000.353
20180302 09050230  "  +    runSQL?CONNECTION=main
20180302 09050230  " http  	127.0.0.1 -> POST runSQL?CONNECTION=main
20180302 09050230  " http  	insert into uba_role (ID,name,description,sessionTimeout,allowedAppMethods,mi_owner,mi_createdate,mi_createuser,mi_modifydate,mi_modifyuser)          values(0,'Everyone','Everyone build-in role',1000,'auth,timeStamp,statics,getAppInfo,models,getDomainInfo,ubql,rest',10,'2018-03-02T09:05:02Z',10,'2018-03-02T09:05:02Z',10)
20180302 09050230  " call  	endpoint runSQL
20180302 09050230  "  +    	ubApp.TubApp(04BC3EE0).DBExecute
20180302 09050230  "  +    		ubApp.TubApp(04BC3EE0).TubApp.InternalDBExecute
20180302 09050230  " DB    			StartTransaction for connection "main"
20180302 09050230  " SQL   			ubDBSQLite3ThreadSafe.TubSQLite3Statement(04C75D70) insert into uba_role (ID,name,description,sessionTimeout,allowedAppMethods,mi_owner,mi_createdate,mi_createuser,mi_modifydate,mi_modifyuser)          values(0,'Everyone','Everyone build-in role',1000,'auth,timeStamp,statics,getAppInfo,models,getDomainInfo,ubql,rest',10,'2018-03-02T09:05:02Z',10,'2018-03-02T09:05:02Z',10)
20180302 09050230  "  -    		00.000.094
20180302 09050230  "  -    	00.000.099
20180302 09050230  " DB    	Commit connection "main" in 68us
20180302 09050230  " http  	127.0.0.1 <- 200
20180302 09050230  "  -    00.000.310
20180302 09050230  "  +    runSQL?CONNECTION=main
20180302 09050230  " http  	127.0.0.1 -> POST runSQL?CONNECTION=main
20180302 09050230  " http  	insert into uba_subject (ID,code,name,sType,mi_unityentity) values(1, 'Admin', 'Admin build-in role', 'R', 'UBA_SUBJECT')
20180302 09050230  " call  	endpoint runSQL
20180302 09050230  "  +    	ubApp.TubApp(04BC3EE0).DBExecute
20180302 09050230  "  +    		ubApp.TubApp(04BC3EE0).TubApp.InternalDBExecute
20180302 09050230  " DB    			StartTransaction for connection "main"
20180302 09050230  " SQL   			ubDBSQLite3ThreadSafe.TubSQLite3Statement(04C75D70) insert into uba_subject (ID,code,name,sType,mi_unityentity) values(1, 'Admin', 'Admin build-in role', 'R', 'UBA_SUBJECT')
20180302 09050230  "  -    		00.000.077
20180302 09050230  "  -    	00.000.082
20180302 09050230  " DB    	Commit connection "main" in 64us
20180302 09050230  " http  	127.0.0.1 <- 200
20180302 09050230  "  -    00.000.279
20180302 09050230  "  +    runSQL?CONNECTION=main
20180302 09050230  " http  	127.0.0.1 -> POST runSQL?CONNECTION=main
20180302 09050230  " http  	insert into uba_role (ID,name,description,sessionTimeout,allowedAppMethods,mi_owner,mi_createdate,mi_createuser,mi_modifydate,mi_modifyuser)          values(1,'Admin','Admin build-in role',10,'*',10,'2018-03-02T09:05:02Z',10,'2018-03-02T09:05:02Z',10)
20180302 09050230  " call  	endpoint runSQL
20180302 09050230  "  +    	ubApp.TubApp(04BC3EE0).DBExecute
20180302 09050230  "  +    		ubApp.TubApp(04BC3EE0).TubApp.InternalDBExecute
20180302 09050230  " DB    			StartTransaction for connection "main"
20180302 09050230  " SQL   			ubDBSQLite3ThreadSafe.TubSQLite3Statement(04C75D70) insert into uba_role (ID,name,description,sessionTimeout,allowedAppMethods,mi_owner,mi_createdate,mi_createuser,mi_modifydate,mi_modifyuser)          values(1,'Admin','Admin build-in role',10,'*',10,'2018-03-02T09:05:02Z',10,'2018-03-02T09:05:02Z',10)
20180302 09050230  "  -    		00.000.145
20180302 09050230  "  -    	00.000.152
20180302 09050230  " DB    	Commit connection "main" in 55us
20180302 09050230  " http  	127.0.0.1 <- 200
20180302 09050230  "  -    00.000.380
20180302 09050231  "  +    runSQL?CONNECTION=main
20180302 09050231  " http  	127.0.0.1 -> POST runSQL?CONNECTION=main
20180302 09050231  " http  	insert into uba_subject (ID,code,name,sType,mi_unityentity) values(2, 'Anonymous', 'Anonymous build-in role', 'R', 'UBA_SUBJECT')
20180302 09050231  " call  	endpoint runSQL
20180302 09050231  "  +    	ubApp.TubApp(04BC3EE0).DBExecute
20180302 09050231  "  +    		ubApp.TubApp(04BC3EE0).TubApp.InternalDBExecute
20180302 09050231  " DB    			StartTransaction for connection "main"
20180302 09050231  " SQL   			ubDBSQLite3ThreadSafe.TubSQLite3Statement(04C75D70) insert into uba_subject (ID,code,name,sType,mi_unityentity) values(2, 'Anonymous', 'Anonymous build-in role', 'R', 'UBA_SUBJECT')
20180302 09050231  "  -    		00.000.084
20180302 09050231  "  -    	00.000.089
20180302 09050231  " DB    	Commit connection "main" in 62us
20180302 09050231  " http  	127.0.0.1 <- 200
20180302 09050231  "  -    00.000.291
20180302 09050231  "  +    runSQL?CONNECTION=main
20180302 09050231  " http  	127.0.0.1 -> POST runSQL?CONNECTION=main
20180302 09050231  " http  	insert into uba_role (ID,name,description,sessionTimeout,allowedAppMethods,mi_owner,mi_createdate,mi_createuser,mi_modifydate,mi_modifyuser)          values(2,'Anonymous','Anonymous build-in role',1000,'',10,'2018-03-02T09:05:02Z',10,'2018-03-02T09:05:02Z',10)
20180302 09050231  " call  	endpoint runSQL
20180302 09050231  "  +    	ubApp.TubApp(04BC3EE0).DBExecute
20180302 09050231  "  +    		ubApp.TubApp(04BC3EE0).TubApp.InternalDBExecute
20180302 09050231  " DB    			StartTransaction for connection "main"
20180302 09050231  " SQL   			ubDBSQLite3ThreadSafe.TubSQLite3Statement(04C75D70) insert into uba_role (ID,name,description,sessionTimeout,allowedAppMethods,mi_owner,mi_createdate,mi_createuser,mi_modifydate,mi_modifyuser)          values(2,'Anonymous','Anonymous build-in role',1000,'',10,'2018-03-02T09:05:02Z',10,'2018-03-02T09:05:02Z',10)
20180302 09050231  "  -    		00.000.082
20180302 09050231  "  -    	00.000.087
20180302 09050231  " DB    	Commit connection "main" in 61us
20180302 09050231  " http  	127.0.0.1 <- 200
20180302 09050231  "  -    00.000.285
20180302 09050231  "  +    runSQL?CONNECTION=main
20180302 09050231  " http  	127.0.0.1 -> POST runSQL?CONNECTION=main
20180302 09050231  " http  	insert into uba_subject (ID,code,name,sType,mi_unityentity) values(3, 'User', 'User build-in role', 'R', 'UBA_SUBJECT')
20180302 09050231  " call  	endpoint runSQL
20180302 09050231  "  +    	ubApp.TubApp(04BC3EE0).DBExecute
20180302 09050231  "  +    		ubApp.TubApp(04BC3EE0).TubApp.InternalDBExecute
20180302 09050231  " DB    			StartTransaction for connection "main"
20180302 09050231  " SQL   			ubDBSQLite3ThreadSafe.TubSQLite3Statement(04C75D70) insert into uba_subject (ID,code,name,sType,mi_unityentity) values(3, 'User', 'User build-in role', 'R', 'UBA_SUBJECT')
20180302 09050231  "  -    		00.000.070
20180302 09050231  "  -    	00.000.074
20180302 09050231  " DB    	Commit connection "main" in 57us
20180302 09050231  " http  	127.0.0.1 <- 200
20180302 09050231  "  -    00.000.253
20180302 09050231  "  +    runSQL?CONNECTION=main
20180302 09050231  " http  	127.0.0.1 -> POST runSQL?CONNECTION=main
20180302 09050231  " http  	insert into uba_role (ID,name,description,sessionTimeout,allowedAppMethods,mi_owner,mi_createdate,mi_createuser,mi_modifydate,mi_modifyuser)          values(3,'User','User build-in role',30,'logout,changePassword,setDocument,getDocument',10,'2018-03-02T09:05:02Z',10,'2018-03-02T09:05:02Z',10)
20180302 09050231  " call  	endpoint runSQL
20180302 09050231  "  +    	ubApp.TubApp(04BC3EE0).DBExecute
20180302 09050231  "  +    		ubApp.TubApp(04BC3EE0).TubApp.InternalDBExecute
20180302 09050231  " DB    			StartTransaction for connection "main"
20180302 09050231  " SQL   			ubDBSQLite3ThreadSafe.TubSQLite3Statement(04C75D70) insert into uba_role (ID,name,description,sessionTimeout,allowedAppMethods,mi_owner,mi_createdate,mi_createuser,mi_modifydate,mi_modifyuser)          values(3,'User','User build-in role',30,'logout,changePassword,setDocument,getDocument',10,'2018-03-02T09:05:02Z',10,'2018-03-02T09:05:02Z',10)
20180302 09050231  "  -    		00.000.077
20180302 09050231  "  -    	00.000.105
20180302 09050231  " DB    	Commit connection "main" in 115us
20180302 09050231  " http  	127.0.0.1 <- 200
20180302 09050231  "  -    00.000.356
20180302 09050231  "  +    runSQL?CONNECTION=main
20180302 09050231  " http  	127.0.0.1 -> POST runSQL?CONNECTION=main
20180302 09050231  " http  	insert into uba_subject (ID,code,name,sType,mi_unityentity) values(4, 'Supervisor', 'Supervisor build-in role', 'R', 'UBA_SUBJECT')
20180302 09050231  " call  	endpoint runSQL
20180302 09050231  "  +    	ubApp.TubApp(04BC3EE0).DBExecute
20180302 09050231  "  +    		ubApp.TubApp(04BC3EE0).TubApp.InternalDBExecute
20180302 09050231  " DB    			StartTransaction for connection "main"
20180302 09050231  " SQL   			ubDBSQLite3ThreadSafe.TubSQLite3Statement(04C75D70) insert into uba_subject (ID,code,name,sType,mi_unityentity) values(4, 'Supervisor', 'Supervisor build-in role', 'R', 'UBA_SUBJECT')
20180302 09050231  "  -    		00.000.072
20180302 09050231  "  -    	00.000.077
20180302 09050231  " DB    	Commit connection "main" in 58us
20180302 09050231  " http  	127.0.0.1 <- 200
20180302 09050231  "  -    00.000.258
20180302 09050231  "  +    runSQL?CONNECTION=main
20180302 09050231  " http  	127.0.0.1 -> POST runSQL?CONNECTION=main
20180302 09050231  " http  	insert into uba_role (ID,name,description,sessionTimeout,allowedAppMethods,mi_owner,mi_createdate,mi_createuser,mi_modifydate,mi_modifyuser)          values(4,'Supervisor','Supervisor build-in role',10,'',10,'2018-03-02T09:05:02Z',10,'2018-03-02T09:05:02Z',10)
20180302 09050231  " call  	endpoint runSQL
20180302 09050231  "  +    	ubApp.TubApp(04BC3EE0).DBExecute
20180302 09050231  "  +    		ubApp.TubApp(04BC3EE0).TubApp.InternalDBExecute
20180302 09050231  " DB    			StartTransaction for connection "main"
20180302 09050231  " SQL   			ubDBSQLite3ThreadSafe.TubSQLite3Statement(04C75D70) insert into uba_role (ID,name,description,sessionTimeout,allowedAppMethods,mi_owner,mi_createdate,mi_createuser,mi_modifydate,mi_modifyuser)          values(4,'Supervisor','Supervisor build-in role',10,'',10,'2018-03-02T09:05:02Z',10,'2018-03-02T09:05:02Z',10)
20180302 09050231  "  -    		00.000.087
20180302 09050231  "  -    	00.000.092
20180302 09050231  " DB    	Commit connection "main" in 62us
20180302 09050231  " http  	127.0.0.1 <- 200
20180302 09050231  "  -    00.000.286
20180302 09050231  "  +    runSQL?CONNECTION=main
20180302 09050231  " http  	127.0.0.1 -> POST runSQL?CONNECTION=main
20180302 09050231  " http  	insert into uba_subject (ID,code,name,sType,mi_unityentity) values(5, 'Developer', 'Developer build-in role', 'R', 'UBA_SUBJECT')
20180302 09050231  " call  	endpoint runSQL
20180302 09050231  "  +    	ubApp.TubApp(04BC3EE0).DBExecute
20180302 09050231  "  +    		ubApp.TubApp(04BC3EE0).TubApp.InternalDBExecute
20180302 09050231  " DB    			StartTransaction for connection "main"
20180302 09050231  " SQL   			ubDBSQLite3ThreadSafe.TubSQLite3Statement(04C75D70) insert into uba_subject (ID,code,name,sType,mi_unityentity) values(5, 'Developer', 'Developer build-in role', 'R', 'UBA_SUBJECT')
20180302 09050231  "  -    		00.000.072
20180302 09050231  "  -    	00.000.077
20180302 09050231  " DB    	Commit connection "main" in 59us
20180302 09050231  " http  	127.0.0.1 <- 200
20180302 09050231  "  -    00.000.265
20180302 09050231  "  +    runSQL?CONNECTION=main
20180302 09050231  " http  	127.0.0.1 -> POST runSQL?CONNECTION=main
20180302 09050231  " http  	insert into uba_role (ID,name,description,sessionTimeout,allowedAppMethods,mi_owner,mi_createdate,mi_createuser,mi_modifydate,mi_modifyuser)          values(5,'Developer','Developer build-in role',10,'',10,'2018-03-02T09:05:02Z',10,'2018-03-02T09:05:02Z',10)
20180302 09050231  " call  	endpoint runSQL
20180302 09050231  "  +    	ubApp.TubApp(04BC3EE0).DBExecute
20180302 09050231  "  +    		ubApp.TubApp(04BC3EE0).TubApp.InternalDBExecute
20180302 09050231  " DB    			StartTransaction for connection "main"
20180302 09050231  " SQL   			ubDBSQLite3ThreadSafe.TubSQLite3Statement(04C75D70) insert into uba_role (ID,name,description,sessionTimeout,allowedAppMethods,mi_owner,mi_createdate,mi_createuser,mi_modifydate,mi_modifyuser)          values(5,'Developer','Developer build-in role',10,'',10,'2018-03-02T09:05:02Z',10,'2018-03-02T09:05:02Z',10)
20180302 09050231  "  -    		00.000.079
20180302 09050231  "  -    	00.000.084
20180302 09050231  " DB    	Commit connection "main" in 53us
20180302 09050231  " http  	127.0.0.1 <- 200
20180302 09050231  "  -    00.000.345
20180302 09050231  "  +    runSQL?CONNECTION=main
20180302 09050231  " http  	127.0.0.1 -> POST runSQL?CONNECTION=main
20180302 09050231  " http  	insert into uba_subject (ID,code,name,sType,mi_unityentity) values(6, 'Monitor', 'Monitor build-in role', 'R', 'UBA_SUBJECT')
20180302 09050231  " call  	endpoint runSQL
20180302 09050231  "  +    	ubApp.TubApp(04BC3EE0).DBExecute
20180302 09050231  "  +    		ubApp.TubApp(04BC3EE0).TubApp.InternalDBExecute
20180302 09050231  " DB    			StartTransaction for connection "main"
20180302 09050231  " SQL   			ubDBSQLite3ThreadSafe.TubSQLite3Statement(04C75D70) insert into uba_subject (ID,code,name,sType,mi_unityentity) values(6, 'Monitor', 'Monitor build-in role', 'R', 'UBA_SUBJECT')
20180302 09050231  "  -    		00.000.069
20180302 09050231  "  -    	00.000.074
20180302 09050231  " DB    	Commit connection "main" in 57us
20180302 09050231  " http  	127.0.0.1 <- 200
20180302 09050231  "  -    00.000.255
20180302 09050231  "  +    runSQL?CONNECTION=main
20180302 09050231  " http  	127.0.0.1 -> POST runSQL?CONNECTION=main
20180302 09050231  " http  	insert into uba_role (ID,name,description,sessionTimeout,allowedAppMethods,mi_owner,mi_createdate,mi_createuser,mi_modifydate,mi_modifyuser)          values(6,'Monitor','Monitor build-in role',100,'stat',10,'2018-03-02T09:05:02Z',10,'2018-03-02T09:05:02Z',10)
20180302 09050231  " call  	endpoint runSQL
20180302 09050231  "  +    	ubApp.TubApp(04BC3EE0).DBExecute
20180302 09050231  "  +    		ubApp.TubApp(04BC3EE0).TubApp.InternalDBExecute
20180302 09050231  " DB    			StartTransaction for connection "main"
20180302 09050231  " SQL   			ubDBSQLite3ThreadSafe.TubSQLite3Statement(04C75D70) insert into uba_role (ID,name,description,sessionTimeout,allowedAppMethods,mi_owner,mi_createdate,mi_createuser,mi_modifydate,mi_modifyuser)          values(6,'Monitor','Monitor build-in role',100,'stat',10,'2018-03-02T09:05:02Z',10,'2018-03-02T09:05:02Z',10)
20180302 09050231  "  -    		00.000.076
20180302 09050231  "  -    	00.000.081
20180302 09050231  " DB    	Commit connection "main" in 56us
20180302 09050231  " http  	127.0.0.1 <- 200
20180302 09050231  "  -    00.000.262
20180302 09050231  "  +    runSQL?CONNECTION=main
20180302 09050231  " http  	127.0.0.1 -> POST runSQL?CONNECTION=main
20180302 09050231  " http  	insert into uba_subject (ID,code,name,sType,mi_unityentity) values(10, 'admin', 'admin', 'U', 'UBA_USER')
20180302 09050231  " call  	endpoint runSQL
20180302 09050231  "  +    	ubApp.TubApp(04BC3EE0).DBExecute
20180302 09050231  "  +    		ubApp.TubApp(04BC3EE0).TubApp.InternalDBExecute
20180302 09050231  " DB    			StartTransaction for connection "main"
20180302 09050231  " SQL   			ubDBSQLite3ThreadSafe.TubSQLite3Statement(04C75D70) insert into uba_subject (ID,code,name,sType,mi_unityentity) values(10, 'admin', 'admin', 'U', 'UBA_USER')
20180302 09050231  "  -    		00.000.068
20180302 09050231  "  -    	00.000.073
20180302 09050231  " DB    	Commit connection "main" in 56us
20180302 09050231  " http  	127.0.0.1 <- 200
20180302 09050231  "  -    00.000.261
20180302 09050231  "  +    runSQL?CONNECTION=main
20180302 09050231  " http  	127.0.0.1 -> POST runSQL?CONNECTION=main
20180302 09050231  " http  	insert into uba_user (ID, name, description, upasswordhashhexa, disabled, udata,mi_owner,mi_createdate,mi_createuser,mi_modifydate,mi_modifyuser)          values (10, 'admin', 'admin', '2bb7998496899acdd8137fad3a44faf96a84a03d7f230ce42e97cd17c7ae429e', 0, '',10,'2018-03-02T09:05:02Z',10,'2018-03-02T09:05:02Z',10)
20180302 09050231  " call  	endpoint runSQL
20180302 09050231  "  +    	ubApp.TubApp(04BC3EE0).DBExecute
20180302 09050231  "  +    		ubApp.TubApp(04BC3EE0).TubApp.InternalDBExecute
20180302 09050231  " DB    			StartTransaction for connection "main"
20180302 09050231  " SQL   			ubDBSQLite3ThreadSafe.TubSQLite3Statement(04C75D70) insert into uba_user (ID, name, description, upasswordhashhexa, disabled, udata,mi_owner,mi_createdate,mi_createuser,mi_modifydate,mi_modifyuser)          values (10, 'admin', 'admin', '2bb7998496899acdd8137fad3a44faf96a84a03d7f230ce42e97cd17c7ae429e', 0, '',10,'2018-03-02T09:05:02Z',10,'2018-03-02T09:05:02Z',10)
20180302 09050231  "  -    		00.000.094
20180302 09050231  "  -    	00.000.099
20180302 09050231  " DB    	Commit connection "main" in 153us
20180302 09050231  " http  	127.0.0.1 <- 200
20180302 09050231  "  -    00.000.382
20180302 09050232  "  +    runSQL?CONNECTION=main
20180302 09050232  " http  	127.0.0.1 -> POST runSQL?CONNECTION=main
20180302 09050232  " http  	insert into uba_subject (ID,code,name,sType,mi_unityentity) values(20, 'anonymous', 'anonymous', 'U', 'UBA_USER')
20180302 09050232  " call  	endpoint runSQL
20180302 09050232  "  +    	ubApp.TubApp(04BC3EE0).DBExecute
20180302 09050232  "  +    		ubApp.TubApp(04BC3EE0).TubApp.InternalDBExecute
20180302 09050232  " DB    			StartTransaction for connection "main"
20180302 09050232  " SQL   			ubDBSQLite3ThreadSafe.TubSQLite3Statement(04C75D70) insert into uba_subject (ID,code,name,sType,mi_unityentity) values(20, 'anonymous', 'anonymous', 'U', 'UBA_USER')
20180302 09050232  "  -    		00.000.073
20180302 09050232  "  -    	00.000.077
20180302 09050232  " DB    	Commit connection "main" in 54us
20180302 09050232  " http  	127.0.0.1 <- 200
20180302 09050232  "  -    00.000.275
20180302 09050232  "  +    runSQL?CONNECTION=main
20180302 09050232  " http  	127.0.0.1 -> POST runSQL?CONNECTION=main
20180302 09050232  " http  	insert into uba_user (ID, name, description, upasswordhashhexa, disabled, udata,mi_owner,mi_createdate,mi_createuser,mi_modifydate,mi_modifyuser)          values (20, 'anonymous', 'anonymous', '-', 0, '',10,'2018-03-02T09:05:02Z',10,'2018-03-02T09:05:02Z',10)
20180302 09050232  " call  	endpoint runSQL
20180302 09050232  "  +    	ubApp.TubApp(04BC3EE0).DBExecute
20180302 09050232  "  +    		ubApp.TubApp(04BC3EE0).TubApp.InternalDBExecute
20180302 09050232  " DB    			StartTransaction for connection "main"
20180302 09050232  " SQL   			ubDBSQLite3ThreadSafe.TubSQLite3Statement(04C75D70) insert into uba_user (ID, name, description, upasswordhashhexa, disabled, udata,mi_owner,mi_createdate,mi_createuser,mi_modifydate,mi_modifyuser)          values (20, 'anonymous', 'anonymous', '-', 0, '',10,'2018-03-02T09:05:02Z',10,'2018-03-02T09:05:02Z',10)
20180302 09050232  "  -    		00.000.090
20180302 09050232  "  -    	00.000.096
20180302 09050232  " DB    	Commit connection "main" in 53us
20180302 09050232  " http  	127.0.0.1 <- 200
20180302 09050232  "  -    00.000.269
20180302 09050232  "  +    runSQL?CONNECTION=main
20180302 09050232  " http  	127.0.0.1 -> POST runSQL?CONNECTION=main
20180302 09050232  " http  	insert into uba_els (ID,code,description,disabled,entityMask,methodMask,ruleType,ruleRole,mi_owner,mi_createdate,mi_createuser,mi_modifydate,mi_modifyuser)        VALUES (200, 'UBA_ADMIN_ALL', 'Admins - enable all',0,'*','*','A',1,10,'2018-03-02T09:05:02Z',10,'2018-03-02T09:05:02Z',10)
20180302 09050232  " call  	endpoint runSQL
20180302 09050232  "  +    	ubApp.TubApp(04BC3EE0).DBExecute
20180302 09050232  "  +    		ubApp.TubApp(04BC3EE0).TubApp.InternalDBExecute
20180302 09050232  " DB    			StartTransaction for connection "main"
20180302 09050232  " SQL   			ubDBSQLite3ThreadSafe.TubSQLite3Statement(04C75D70) insert into uba_els (ID,code,description,disabled,entityMask,methodMask,ruleType,ruleRole,mi_owner,mi_createdate,mi_createuser,mi_modifydate,mi_modifyuser)        VALUES (200, 'UBA_ADMIN_ALL', 'Admins - enable all',0,'*','*','A',1,10,'2018-03-02T09:05:02Z',10,'2018-03-02T09:05:02Z',10)
20180302 09050232  "  -    		00.000.080
20180302 09050232  "  -    	00.000.086
20180302 09050232  " DB    	Commit connection "main" in 47us
20180302 09050232  " http  	127.0.0.1 <- 200
20180302 09050232  "  -    00.000.275
20180302 09050232  "  +    runSQL?CONNECTION=main
20180302 09050232  " http  	127.0.0.1 -> POST runSQL?CONNECTION=main
20180302 09050232  " http  	insert into uba_userrole (ID,userID, roleID,mi_owner,mi_createdate,mi_createuser,mi_modifydate,mi_modifyuser) values(800,10,1,10,'2018-03-02T09:05:02Z',10,'2018-03-02T09:05:02Z',10)
20180302 09050232  " call  	endpoint runSQL
20180302 09050232  "  +    	ubApp.TubApp(04BC3EE0).DBExecute
20180302 09050232  "  +    		ubApp.TubApp(04BC3EE0).TubApp.InternalDBExecute
20180302 09050232  " DB    			StartTransaction for connection "main"
20180302 09050232  " SQL   			ubDBSQLite3ThreadSafe.TubSQLite3Statement(04C75D70) insert into uba_userrole (ID,userID, roleID,mi_owner,mi_createdate,mi_createuser,mi_modifydate,mi_modifyuser) values(800,10,1,10,'2018-03-02T09:05:02Z',10,'2018-03-02T09:05:02Z',10)
20180302 09050232  "  -    		00.000.072
20180302 09050232  "  -    	00.000.077
20180302 09050232  " DB    	Commit connection "main" in 57us
20180302 09050232  " http  	127.0.0.1 <- 200
20180302 09050232  "  -    00.000.264
20180302 09050232  "  +    runSQL?CONNECTION=main
20180302 09050232  " http  	127.0.0.1 -> POST runSQL?CONNECTION=main
20180302 09050232  " http  	insert into uba_userrole (ID,userID, roleID,mi_owner,mi_createdate,mi_createuser,mi_modifydate,mi_modifyuser) values(900,20,2,10,'2018-03-02T09:05:02Z',10,'2018-03-02T09:05:02Z',10)
20180302 09050232  " call  	endpoint runSQL
20180302 09050232  "  +    	ubApp.TubApp(04BC3EE0).DBExecute
20180302 09050232  "  +    		ubApp.TubApp(04BC3EE0).TubApp.InternalDBExecute
20180302 09050232  " DB    			StartTransaction for connection "main"
20180302 09050232  " SQL   			ubDBSQLite3ThreadSafe.TubSQLite3Statement(04C75D70) insert into uba_userrole (ID,userID, roleID,mi_owner,mi_createdate,mi_createuser,mi_modifydate,mi_modifyuser) values(900,20,2,10,'2018-03-02T09:05:02Z',10,'2018-03-02T09:05:02Z',10)
20180302 09050232  "  -    		00.000.072
20180302 09050232  "  -    	00.000.077
20180302 09050232  " DB    	Commit connection "main" in 57us
20180302 09050232  " http  	127.0.0.1 <- 200
20180302 09050232  "  -    00.000.254
20180302 09050232  "  +    runSQL?CONNECTION=main
20180302 09050232  " http  	127.0.0.1 -> POST runSQL?CONNECTION=main
20180302 09050232  " http  	PRAGMA foreign_keys = ON
20180302 09050232  " call  	endpoint runSQL
20180302 09050232  "  +    	ubApp.TubApp(04BC3EE0).DBExecute
20180302 09050232  "  +    		ubApp.TubApp(04BC3EE0).TubApp.InternalDBExecute
20180302 09050232  " SQL   			ubDBSQLite3ThreadSafe.TubSQLite3Statement(04C75D70) PRAGMA foreign_keys = ON
20180302 09050232  "  -    		00.000.016
20180302 09050232  "  -    	00.000.026
20180302 09050232  " http  	127.0.0.1 <- 200
20180302 09050232  "  -    00.000.137
20180302 09050234  ! info  ubApp.TubApp(04BC3EE0) {   "ClientsCurrent": 0,   "ClientsMax": 0,   "Invalid": 0,   "Responses": 34,   "Modified": 31,   "IncomingBytes": 20181,   "OutcomingBytes": 2409,   "OutcomingFiles": 0,   "ServiceCalls": 34,   "ProcessTime": "170.80ms"  }
